{"C:\\Users\\LENOVO\\Desktop\\projects\\promptwars\\pulsegrid\\src\\components\\ui\\index.jsx": {"path":"C:\\Users\\LENOVO\\Desktop\\projects\\promptwars\\pulsegrid\\src\\components\\ui\\index.jsx","statementMap":{"0":{"start":{"line":7,"column":28},"end":{"line":7,"column":null}},"1":{"start":{"line":8,"column":8},"end":{"line":8,"column":null}},"2":{"start":{"line":9,"column":8},"end":{"line":9,"column":null}},"3":{"start":{"line":11,"column":2},"end":{"line":28,"column":null}},"4":{"start":{"line":12,"column":18},"end":{"line":12,"column":null}},"5":{"start":{"line":13,"column":16},"end":{"line":13,"column":null}},"6":{"start":{"line":14,"column":22},"end":{"line":14,"column":null}},"7":{"start":{"line":16,"column":17},"end":{"line":24,"column":null}},"8":{"start":{"line":17,"column":22},"end":{"line":17,"column":null}},"9":{"start":{"line":18,"column":23},"end":{"line":18,"column":null}},"10":{"start":{"line":19,"column":20},"end":{"line":19,"column":null}},"11":{"start":{"line":20,"column":22},"end":{"line":20,"column":null}},"12":{"start":{"line":21,"column":6},"end":{"line":21,"column":null}},"13":{"start":{"line":22,"column":6},"end":{"line":23,"column":null}},"14":{"start":{"line":22,"column":24},"end":{"line":22,"column":null}},"15":{"start":{"line":23,"column":11},"end":{"line":23,"column":null}},"16":{"start":{"line":26,"column":4},"end":{"line":26,"column":null}},"17":{"start":{"line":27,"column":4},"end":{"line":27,"column":null}},"18":{"start":{"line":27,"column":17},"end":{"line":27,"column":null}},"19":{"start":{"line":30,"column":20},"end":{"line":32,"column":null}},"20":{"start":{"line":34,"column":2},"end":{"line":34,"column":null}},"21":{"start":{"line":39,"column":2},"end":{"line":43,"column":null}},"22":{"start":{"line":53,"column":2},"end":{"line":100,"column":null}},"23":{"start":{"line":106,"column":2},"end":{"line":128,"column":null}},"24":{"start":{"line":133,"column":30},"end":{"line":146,"column":null}},"25":{"start":{"line":149,"column":17},"end":{"line":149,"column":null}},"26":{"start":{"line":150,"column":2},"end":{"line":154,"column":null}},"27":{"start":{"line":160,"column":2},"end":{"line":170,"column":null}},"28":{"start":{"line":176,"column":14},"end":{"line":176,"column":null}},"29":{"start":{"line":177,"column":15},"end":{"line":177,"column":null}},"30":{"start":{"line":178,"column":19},"end":{"line":178,"column":null}},"31":{"start":{"line":180,"column":2},"end":{"line":197,"column":null}},"32":{"start":{"line":203,"column":2},"end":{"line":209,"column":null}},"33":{"start":{"line":215,"column":2},"end":{"line":237,"column":null}},"34":{"start":{"line":229,"column":10},"end":{"line":234,"column":null}}},"fnMap":{"0":{"name":"AnimatedNumber","decl":{"start":{"line":6,"column":16},"end":{"line":6,"column":31}},"loc":{"start":{"line":6,"column":114},"end":{"line":35,"column":null}},"line":6},"1":{"name":"(anonymous_1)","decl":{"start":{"line":11,"column":12},"end":{"line":11,"column":18}},"loc":{"start":{"line":11,"column":18},"end":{"line":28,"column":5}},"line":11},"2":{"name":"(anonymous_2)","decl":{"start":{"line":16,"column":17},"end":{"line":16,"column":18}},"loc":{"start":{"line":16,"column":26},"end":{"line":24,"column":null}},"line":16},"3":{"name":"(anonymous_3)","decl":{"start":{"line":27,"column":11},"end":{"line":27,"column":17}},"loc":{"start":{"line":27,"column":17},"end":{"line":27,"column":null}},"line":27},"4":{"name":"PulsingDot","decl":{"start":{"line":38,"column":16},"end":{"line":38,"column":27}},"loc":{"start":{"line":38,"column":83},"end":{"line":45,"column":null}},"line":38},"5":{"name":"StatCard","decl":{"start":{"line":48,"column":16},"end":{"line":48,"column":25}},"loc":{"start":{"line":52,"column":3},"end":{"line":102,"column":null}},"line":52},"6":{"name":"SectionHeader","decl":{"start":{"line":105,"column":16},"end":{"line":105,"column":30}},"loc":{"start":{"line":105,"column":112},"end":{"line":130,"column":null}},"line":105},"7":{"name":"Badge","decl":{"start":{"line":148,"column":16},"end":{"line":148,"column":22}},"loc":{"start":{"line":148,"column":87},"end":{"line":156,"column":null}},"line":148},"8":{"name":"Panel","decl":{"start":{"line":159,"column":16},"end":{"line":159,"column":22}},"loc":{"start":{"line":159,"column":84},"end":{"line":172,"column":null}},"line":159},"9":{"name":"ProgressBar","decl":{"start":{"line":175,"column":16},"end":{"line":175,"column":28}},"loc":{"start":{"line":175,"column":117},"end":{"line":199,"column":null}},"line":175},"10":{"name":"EmptyState","decl":{"start":{"line":202,"column":16},"end":{"line":202,"column":27}},"loc":{"start":{"line":202,"column":71},"end":{"line":211,"column":null}},"line":202},"11":{"name":"AIThinking","decl":{"start":{"line":214,"column":16},"end":{"line":214,"column":27}},"loc":{"start":{"line":214,"column":58},"end":{"line":239,"column":null}},"line":214},"12":{"name":"(anonymous_12)","decl":{"start":{"line":228,"column":23},"end":{"line":228,"column":24}},"loc":{"start":{"line":229,"column":10},"end":{"line":234,"column":null}},"line":229}},"branchMap":{"0":{"loc":{"start":{"line":6,"column":40},"end":{"line":6,"column":56}},"type":"default-arg","locations":[{"start":{"line":6,"column":51},"end":{"line":6,"column":56}}],"line":6},"1":{"loc":{"start":{"line":6,"column":56},"end":{"line":6,"column":70}},"type":"default-arg","locations":[{"start":{"line":6,"column":67},"end":{"line":6,"column":70}}],"line":6},"2":{"loc":{"start":{"line":6,"column":70},"end":{"line":6,"column":83}},"type":"default-arg","locations":[{"start":{"line":6,"column":79},"end":{"line":6,"column":83}}],"line":6},"3":{"loc":{"start":{"line":6,"column":83},"end":{"line":6,"column":96}},"type":"default-arg","locations":[{"start":{"line":6,"column":92},"end":{"line":6,"column":96}}],"line":6},"4":{"loc":{"start":{"line":6,"column":96},"end":{"line":6,"column":111}},"type":"default-arg","locations":[{"start":{"line":6,"column":108},"end":{"line":6,"column":111}}],"line":6},"5":{"loc":{"start":{"line":22,"column":6},"end":{"line":23,"column":null}},"type":"if","locations":[{"start":{"line":22,"column":6},"end":{"line":23,"column":null}},{"start":{"line":23,"column":11},"end":{"line":23,"column":null}}],"line":22},"6":{"loc":{"start":{"line":30,"column":20},"end":{"line":32,"column":null}},"type":"cond-expr","locations":[{"start":{"line":31,"column":6},"end":{"line":31,"column":null}},{"start":{"line":32,"column":6},"end":{"line":32,"column":null}}],"line":30},"7":{"loc":{"start":{"line":38,"column":29},"end":{"line":38,"column":50}},"type":"default-arg","locations":[{"start":{"line":38,"column":37},"end":{"line":38,"column":50}}],"line":38},"8":{"loc":{"start":{"line":38,"column":50},"end":{"line":38,"column":68}},"type":"default-arg","locations":[{"start":{"line":38,"column":57},"end":{"line":38,"column":68}}],"line":38},"9":{"loc":{"start":{"line":38,"column":68},"end":{"line":38,"column":80}},"type":"default-arg","locations":[{"start":{"line":38,"column":75},"end":{"line":38,"column":80}}],"line":38},"10":{"loc":{"start":{"line":41,"column":7},"end":{"line":41,"column":null}},"type":"binary-expr","locations":[{"start":{"line":41,"column":7},"end":{"line":41,"column":15}},{"start":{"line":41,"column":15},"end":{"line":41,"column":null}}],"line":41},"11":{"loc":{"start":{"line":49,"column":33},"end":{"line":49,"column":null}},"type":"default-arg","locations":[{"start":{"line":49,"column":41},"end":{"line":49,"column":null}}],"line":49},"12":{"loc":{"start":{"line":50,"column":21},"end":{"line":50,"column":37}},"type":"default-arg","locations":[{"start":{"line":50,"column":31},"end":{"line":50,"column":37}}],"line":50},"13":{"loc":{"start":{"line":50,"column":37},"end":{"line":50,"column":null}},"type":"default-arg","locations":[{"start":{"line":50,"column":48},"end":{"line":50,"column":null}}],"line":50},"14":{"loc":{"start":{"line":51,"column":2},"end":{"line":51,"column":15}},"type":"default-arg","locations":[{"start":{"line":51,"column":11},"end":{"line":51,"column":15}}],"line":51},"15":{"loc":{"start":{"line":51,"column":15},"end":{"line":51,"column":28}},"type":"default-arg","locations":[{"start":{"line":51,"column":24},"end":{"line":51,"column":28}}],"line":51},"16":{"loc":{"start":{"line":51,"column":28},"end":{"line":51,"column":46}},"type":"default-arg","locations":[{"start":{"line":51,"column":39},"end":{"line":51,"column":46}}],"line":51},"17":{"loc":{"start":{"line":51,"column":46},"end":{"line":51,"column":null}},"type":"default-arg","locations":[{"start":{"line":51,"column":58},"end":{"line":51,"column":null}}],"line":51},"18":{"loc":{"start":{"line":58,"column":81},"end":{"line":58,"column":115}},"type":"cond-expr","locations":[{"start":{"line":58,"column":92},"end":{"line":58,"column":113}},{"start":{"line":58,"column":113},"end":{"line":58,"column":115}}],"line":58},"19":{"loc":{"start":{"line":65,"column":7},"end":{"line":71,"column":null}},"type":"binary-expr","locations":[{"start":{"line":65,"column":7},"end":{"line":65,"column":null}},{"start":{"line":66,"column":8},"end":{"line":71,"column":null}}],"line":65},"20":{"loc":{"start":{"line":81,"column":64},"end":{"line":81,"column":97}},"type":"cond-expr","locations":[{"start":{"line":81,"column":75},"end":{"line":81,"column":87}},{"start":{"line":81,"column":87},"end":{"line":81,"column":97}}],"line":81},"21":{"loc":{"start":{"line":82,"column":9},"end":{"line":84,"column":null}},"type":"cond-expr","locations":[{"start":{"line":83,"column":12},"end":{"line":83,"column":null}},{"start":{"line":84,"column":12},"end":{"line":84,"column":null}}],"line":82},"22":{"loc":{"start":{"line":83,"column":35},"end":{"line":83,"column":74}},"type":"cond-expr","locations":[{"start":{"line":83,"column":63},"end":{"line":83,"column":71}},{"start":{"line":83,"column":71},"end":{"line":83,"column":74}}],"line":83},"23":{"loc":{"start":{"line":90,"column":9},"end":{"line":94,"column":null}},"type":"binary-expr","locations":[{"start":{"line":90,"column":9},"end":{"line":90,"column":18}},{"start":{"line":90,"column":18},"end":{"line":90,"column":null}},{"start":{"line":91,"column":10},"end":{"line":94,"column":null}}],"line":90},"24":{"loc":{"start":{"line":91,"column":91},"end":{"line":91,"column":175}},"type":"cond-expr","locations":[{"start":{"line":91,"column":108},"end":{"line":91,"column":124}},{"start":{"line":91,"column":124},"end":{"line":91,"column":175}}],"line":91},"25":{"loc":{"start":{"line":91,"column":124},"end":{"line":91,"column":175}},"type":"cond-expr","locations":[{"start":{"line":91,"column":143},"end":{"line":91,"column":159}},{"start":{"line":91,"column":159},"end":{"line":91,"column":175}}],"line":91},"26":{"loc":{"start":{"line":92,"column":13},"end":{"line":92,"column":null}},"type":"cond-expr","locations":[{"start":{"line":92,"column":30},"end":{"line":92,"column":57}},{"start":{"line":92,"column":57},"end":{"line":92,"column":null}}],"line":92},"27":{"loc":{"start":{"line":92,"column":57},"end":{"line":92,"column":null}},"type":"cond-expr","locations":[{"start":{"line":92,"column":76},"end":{"line":92,"column":105}},{"start":{"line":92,"column":105},"end":{"line":92,"column":null}}],"line":92},"28":{"loc":{"start":{"line":105,"column":69},"end":{"line":105,"column":83}},"type":"default-arg","locations":[{"start":{"line":105,"column":76},"end":{"line":105,"column":83}}],"line":105},"29":{"loc":{"start":{"line":105,"column":83},"end":{"line":105,"column":109}},"type":"default-arg","locations":[{"start":{"line":105,"column":95},"end":{"line":105,"column":109}}],"line":105},"30":{"loc":{"start":{"line":109,"column":9},"end":{"line":112,"column":null}},"type":"binary-expr","locations":[{"start":{"line":109,"column":9},"end":{"line":109,"column":null}},{"start":{"line":110,"column":10},"end":{"line":112,"column":null}}],"line":109},"31":{"loc":{"start":{"line":116,"column":11},"end":{"line":116,"column":null}},"type":"binary-expr","locations":[{"start":{"line":116,"column":11},"end":{"line":116,"column":23}},{"start":{"line":116,"column":23},"end":{"line":116,"column":null}}],"line":116},"32":{"loc":{"start":{"line":120,"column":9},"end":{"line":124,"column":null}},"type":"binary-expr","locations":[{"start":{"line":120,"column":9},"end":{"line":120,"column":null}},{"start":{"line":121,"column":10},"end":{"line":124,"column":null}}],"line":120},"33":{"loc":{"start":{"line":148,"column":24},"end":{"line":148,"column":44}},"type":"default-arg","locations":[{"start":{"line":148,"column":34},"end":{"line":148,"column":44}}],"line":148},"34":{"loc":{"start":{"line":148,"column":54},"end":{"line":148,"column":69}},"type":"default-arg","locations":[{"start":{"line":148,"column":62},"end":{"line":148,"column":69}}],"line":148},"35":{"loc":{"start":{"line":148,"column":69},"end":{"line":148,"column":84}},"type":"default-arg","locations":[{"start":{"line":148,"column":81},"end":{"line":148,"column":84}}],"line":148},"36":{"loc":{"start":{"line":149,"column":17},"end":{"line":149,"column":null}},"type":"binary-expr","locations":[{"start":{"line":149,"column":17},"end":{"line":149,"column":44}},{"start":{"line":149,"column":44},"end":{"line":149,"column":null}}],"line":149},"37":{"loc":{"start":{"line":152,"column":7},"end":{"line":152,"column":null}},"type":"binary-expr","locations":[{"start":{"line":152,"column":7},"end":{"line":152,"column":16}},{"start":{"line":152,"column":16},"end":{"line":152,"column":null}}],"line":152},"38":{"loc":{"start":{"line":152,"column":35},"end":{"line":152,"column":123}},"type":"cond-expr","locations":[{"start":{"line":152,"column":60},"end":{"line":152,"column":74}},{"start":{"line":152,"column":74},"end":{"line":152,"column":123}}],"line":152},"39":{"loc":{"start":{"line":152,"column":74},"end":{"line":152,"column":123}},"type":"cond-expr","locations":[{"start":{"line":152,"column":95},"end":{"line":152,"column":110}},{"start":{"line":152,"column":110},"end":{"line":152,"column":123}}],"line":152},"40":{"loc":{"start":{"line":159,"column":34},"end":{"line":159,"column":50}},"type":"default-arg","locations":[{"start":{"line":159,"column":46},"end":{"line":159,"column":50}}],"line":159},"41":{"loc":{"start":{"line":161,"column":83},"end":{"line":161,"column":null}},"type":"cond-expr","locations":[{"start":{"line":161,"column":97},"end":{"line":161,"column":135}},{"start":{"line":161,"column":135},"end":{"line":161,"column":null}}],"line":161},"42":{"loc":{"start":{"line":162,"column":7},"end":{"line":162,"column":null}},"type":"binary-expr","locations":[{"start":{"line":162,"column":7},"end":{"line":162,"column":22}},{"start":{"line":162,"column":22},"end":{"line":162,"column":null}}],"line":162},"43":{"loc":{"start":{"line":162,"column":166},"end":{"line":167,"column":null}},"type":"binary-expr","locations":[{"start":{"line":163,"column":8},"end":{"line":163,"column":17}},{"start":{"line":163,"column":17},"end":{"line":163,"column":null}},{"start":{"line":164,"column":8},"end":{"line":167,"column":null}}],"line":162},"44":{"loc":{"start":{"line":165,"column":11},"end":{"line":165,"column":null}},"type":"binary-expr","locations":[{"start":{"line":165,"column":11},"end":{"line":165,"column":19}},{"start":{"line":165,"column":19},"end":{"line":165,"column":null}}],"line":165},"45":{"loc":{"start":{"line":166,"column":11},"end":{"line":166,"column":null}},"type":"binary-expr","locations":[{"start":{"line":166,"column":11},"end":{"line":166,"column":20}},{"start":{"line":166,"column":20},"end":{"line":166,"column":null}}],"line":166},"46":{"loc":{"start":{"line":175,"column":37},"end":{"line":175,"column":48}},"type":"default-arg","locations":[{"start":{"line":175,"column":43},"end":{"line":175,"column":48}}],"line":175},"47":{"loc":{"start":{"line":175,"column":55},"end":{"line":175,"column":73}},"type":"default-arg","locations":[{"start":{"line":175,"column":64},"end":{"line":175,"column":73}}],"line":175},"48":{"loc":{"start":{"line":175,"column":80},"end":{"line":175,"column":99}},"type":"default-arg","locations":[{"start":{"line":175,"column":92},"end":{"line":175,"column":99}}],"line":175},"49":{"loc":{"start":{"line":175,"column":99},"end":{"line":175,"column":114}},"type":"default-arg","locations":[{"start":{"line":175,"column":111},"end":{"line":175,"column":114}}],"line":175},"50":{"loc":{"start":{"line":177,"column":15},"end":{"line":177,"column":null}},"type":"cond-expr","locations":[{"start":{"line":177,"column":27},"end":{"line":177,"column":39}},{"start":{"line":177,"column":39},"end":{"line":177,"column":null}}],"line":177},"51":{"loc":{"start":{"line":177,"column":39},"end":{"line":177,"column":null}},"type":"cond-expr","locations":[{"start":{"line":177,"column":51},"end":{"line":177,"column":63}},{"start":{"line":177,"column":63},"end":{"line":177,"column":null}}],"line":177},"52":{"loc":{"start":{"line":178,"column":19},"end":{"line":178,"column":null}},"type":"binary-expr","locations":[{"start":{"line":178,"column":19},"end":{"line":178,"column":28}},{"start":{"line":178,"column":28},"end":{"line":178,"column":null}}],"line":178},"53":{"loc":{"start":{"line":182,"column":8},"end":{"line":186,"column":null}},"type":"binary-expr","locations":[{"start":{"line":182,"column":8},"end":{"line":182,"column":17}},{"start":{"line":182,"column":17},"end":{"line":182,"column":null}},{"start":{"line":183,"column":8},"end":{"line":186,"column":null}}],"line":182},"54":{"loc":{"start":{"line":184,"column":11},"end":{"line":184,"column":null}},"type":"binary-expr","locations":[{"start":{"line":184,"column":11},"end":{"line":184,"column":20}},{"start":{"line":184,"column":20},"end":{"line":184,"column":null}}],"line":184},"55":{"loc":{"start":{"line":185,"column":11},"end":{"line":185,"column":null}},"type":"binary-expr","locations":[{"start":{"line":185,"column":11},"end":{"line":185,"column":24}},{"start":{"line":185,"column":24},"end":{"line":185,"column":null}}],"line":185},"56":{"loc":{"start":{"line":205,"column":7},"end":{"line":205,"column":null}},"type":"binary-expr","locations":[{"start":{"line":205,"column":7},"end":{"line":205,"column":15}},{"start":{"line":205,"column":15},"end":{"line":205,"column":null}}],"line":205},"57":{"loc":{"start":{"line":207,"column":7},"end":{"line":207,"column":null}},"type":"binary-expr","locations":[{"start":{"line":207,"column":7},"end":{"line":207,"column":22}},{"start":{"line":207,"column":22},"end":{"line":207,"column":null}}],"line":207},"58":{"loc":{"start":{"line":208,"column":7},"end":{"line":208,"column":null}},"type":"binary-expr","locations":[{"start":{"line":208,"column":7},"end":{"line":208,"column":17}},{"start":{"line":208,"column":17},"end":{"line":208,"column":null}}],"line":208},"59":{"loc":{"start":{"line":214,"column":29},"end":{"line":214,"column":55}},"type":"default-arg","locations":[{"start":{"line":214,"column":37},"end":{"line":214,"column":55}}],"line":214}},"s":{"0":8,"1":8,"2":8,"3":8,"4":8,"5":8,"6":8,"7":8,"8":0,"9":0,"10":0,"11":0,"12":0,"13":0,"14":0,"15":0,"16":8,"17":8,"18":8,"19":8,"20":8,"21":6,"22":7,"23":3,"24":2,"25":11,"26":11,"27":1,"28":6,"29":6,"30":6,"31":6,"32":1,"33":1,"34":3},"f":{"0":8,"1":8,"2":0,"3":8,"4":6,"5":7,"6":3,"7":11,"8":1,"9":6,"10":1,"11":1,"12":3},"b":{"0":[8],"1":[8],"2":[8],"3":[8],"4":[8],"5":[0,0],"6":[0,8],"7":[6],"8":[6],"9":[6],"10":[6,3],"11":[7],"12":[7],"13":[7],"14":[7],"15":[7],"16":[7],"17":[7],"18":[1,6],"19":[7,1],"20":[1,6],"21":[7,0],"22":[7,0],"23":[7,4,4],"24":[2,2],"25":[2,0],"26":[2,2],"27":[2,0],"28":[3],"29":[3],"30":[3,3],"31":[3,2],"32":[3,2],"33":[11],"34":[11],"35":[11],"36":[11,0],"37":[11,3],"38":[3,0],"39":[0,0],"40":[1],"41":[1,0],"42":[1,1],"43":[1,0,1],"44":[1,0],"45":[1,1],"46":[6],"47":[6],"48":[6],"49":[6],"50":[0,6],"51":[1,5],"52":[6,6],"53":[6,5,1],"54":[1,1],"55":[1,1],"56":[1,0],"57":[1,1],"58":[1,1],"59":[1]},"meta":{"lastBranch":60,"lastFunction":13,"lastStatement":35,"seen":{"f:6:16:6:31":0,"b:6:51:6:56":0,"b:6:67:6:70":1,"b:6:79:6:83":2,"b:6:92:6:96":3,"b:6:108:6:111":4,"s:7:28:7:Infinity":0,"s:8:8:8:Infinity":1,"s:9:8:9:Infinity":2,"s:11:2:28:Infinity":3,"f:11:12:11:18":1,"s:12:18:12:Infinity":4,"s:13:16:13:Infinity":5,"s:14:22:14:Infinity":6,"s:16:17:24:Infinity":7,"f:16:17:16:18":2,"s:17:22:17:Infinity":8,"s:18:23:18:Infinity":9,"s:19:20:19:Infinity":10,"s:20:22:20:Infinity":11,"s:21:6:21:Infinity":12,"b:22:6:23:Infinity:23:11:23:Infinity":5,"s:22:6:23:Infinity":13,"s:22:24:22:Infinity":14,"s:23:11:23:Infinity":15,"s:26:4:26:Infinity":16,"s:27:4:27:Infinity":17,"f:27:11:27:17":3,"s:27:17:27:Infinity":18,"s:30:20:32:Infinity":19,"b:31:6:31:Infinity:32:6:32:Infinity":6,"s:34:2:34:Infinity":20,"f:38:16:38:27":4,"b:38:37:38:50":7,"b:38:57:38:68":8,"b:38:75:38:80":9,"s:39:2:43:Infinity":21,"b:41:7:41:15:41:15:41:Infinity":10,"f:48:16:48:25":5,"b:49:41:49:Infinity":11,"b:50:31:50:37":12,"b:50:48:50:Infinity":13,"b:51:11:51:15":14,"b:51:24:51:28":15,"b:51:39:51:46":16,"b:51:58:51:Infinity":17,"s:53:2:100:Infinity":22,"b:58:92:58:113:58:113:58:115":18,"b:65:7:65:Infinity:66:8:71:Infinity":19,"b:81:75:81:87:81:87:81:97":20,"b:83:12:83:Infinity:84:12:84:Infinity":21,"b:83:63:83:71:83:71:83:74":22,"b:90:9:90:18:90:18:90:Infinity:91:10:94:Infinity":23,"b:91:108:91:124:91:124:91:175":24,"b:91:143:91:159:91:159:91:175":25,"b:92:30:92:57:92:57:92:Infinity":26,"b:92:76:92:105:92:105:92:Infinity":27,"f:105:16:105:30":6,"b:105:76:105:83":28,"b:105:95:105:109":29,"s:106:2:128:Infinity":23,"b:109:9:109:Infinity:110:10:112:Infinity":30,"b:116:11:116:23:116:23:116:Infinity":31,"b:120:9:120:Infinity:121:10:124:Infinity":32,"s:133:30:146:Infinity":24,"f:148:16:148:22":7,"b:148:34:148:44":33,"b:148:62:148:69":34,"b:148:81:148:84":35,"s:149:17:149:Infinity":25,"b:149:17:149:44:149:44:149:Infinity":36,"s:150:2:154:Infinity":26,"b:152:7:152:16:152:16:152:Infinity":37,"b:152:60:152:74:152:74:152:123":38,"b:152:95:152:110:152:110:152:123":39,"f:159:16:159:22":8,"b:159:46:159:50":40,"s:160:2:170:Infinity":27,"b:161:97:161:135:161:135:161:Infinity":41,"b:162:7:162:22:162:22:162:Infinity":42,"b:163:8:163:17:163:17:163:Infinity:164:8:167:Infinity":43,"b:165:11:165:19:165:19:165:Infinity":44,"b:166:11:166:20:166:20:166:Infinity":45,"f:175:16:175:28":9,"b:175:43:175:48":46,"b:175:64:175:73":47,"b:175:92:175:99":48,"b:175:111:175:114":49,"s:176:14:176:Infinity":28,"s:177:15:177:Infinity":29,"b:177:27:177:39:177:39:177:Infinity":50,"b:177:51:177:63:177:63:177:Infinity":51,"s:178:19:178:Infinity":30,"b:178:19:178:28:178:28:178:Infinity":52,"s:180:2:197:Infinity":31,"b:182:8:182:17:182:17:182:Infinity:183:8:186:Infinity":53,"b:184:11:184:20:184:20:184:Infinity":54,"b:185:11:185:24:185:24:185:Infinity":55,"f:202:16:202:27":10,"s:203:2:209:Infinity":32,"b:205:7:205:15:205:15:205:Infinity":56,"b:207:7:207:22:207:22:207:Infinity":57,"b:208:7:208:17:208:17:208:Infinity":58,"f:214:16:214:27":11,"b:214:37:214:55":59,"s:215:2:237:Infinity":33,"f:228:23:228:24":12,"s:229:10:234:Infinity":34},"fnNames":{}}}
,"C:\\Users\\LENOVO\\Desktop\\projects\\promptwars\\pulsegrid\\src\\constants\\index.js": {"path":"C:\\Users\\LENOVO\\Desktop\\projects\\promptwars\\pulsegrid\\src\\constants\\index.js","statementMap":{"0":{"start":{"line":2,"column":30},"end":{"line":13,"column":1}},"1":{"start":{"line":15,"column":21},"end":{"line":21,"column":1}},"2":{"start":{"line":23,"column":30},"end":{"line":34,"column":1}},"3":{"start":{"line":36,"column":25},"end":{"line":45,"column":1}},"4":{"start":{"line":47,"column":31},"end":{"line":58,"column":1}},"5":{"start":{"line":60,"column":33},"end":{"line":65,"column":1}},"6":{"start":{"line":67,"column":28},"end":{"line":77,"column":1}},"7":{"start":{"line":79,"column":31},"end":{"line":86,"column":1}},"8":{"start":{"line":88,"column":31},"end":{"line":93,"column":1}},"9":{"start":{"line":95,"column":36},"end":{"line":98,"column":1}},"10":{"start":{"line":100,"column":38},"end":{"line":109,"column":1}},"11":{"start":{"line":111,"column":37},"end":{"line":208,"column":1}}},"fnMap":{},"branchMap":{},"s":{"0":3,"1":3,"2":3,"3":3,"4":3,"5":3,"6":3,"7":3,"8":3,"9":3,"10":3,"11":3},"f":{},"b":{},"meta":{"lastBranch":0,"lastFunction":0,"lastStatement":12,"seen":{"s:2:30:13:1":0,"s:15:21:21:1":1,"s:23:30:34:1":2,"s:36:25:45:1":3,"s:47:31:58:1":4,"s:60:33:65:1":5,"s:67:28:77:1":6,"s:79:31:86:1":7,"s:88:31:93:1":8,"s:95:36:98:1":9,"s:100:38:109:1":10,"s:111:37:208:1":11},"fnNames":{}}}
,"C:\\Users\\LENOVO\\Desktop\\projects\\promptwars\\pulsegrid\\src\\context\\store.js": {"path":"C:\\Users\\LENOVO\\Desktop\\projects\\promptwars\\pulsegrid\\src\\context\\store.js","statementMap":{"0":{"start":{"line":16,"column":14},"end":{"line":16,"column":62}},"1":{"start":{"line":16,"column":31},"end":{"line":16,"column":62}},"2":{"start":{"line":17,"column":14},"end":{"line":17,"column":105}},"3":{"start":{"line":17,"column":41},"end":{"line":17,"column":105}},"4":{"start":{"line":18,"column":17},"end":{"line":18,"column":77}},"5":{"start":{"line":18,"column":44},"end":{"line":18,"column":77}},"6":{"start":{"line":21,"column":2},"end":{"line":21,"column":41}},"7":{"start":{"line":21,"column":23},"end":{"line":21,"column":41}},"8":{"start":{"line":22,"column":2},"end":{"line":22,"column":37}},"9":{"start":{"line":22,"column":23},"end":{"line":22,"column":37}},"10":{"start":{"line":23,"column":2},"end":{"line":23,"column":40}},"11":{"start":{"line":23,"column":23},"end":{"line":23,"column":40}},"12":{"start":{"line":24,"column":2},"end":{"line":24,"column":18}},"13":{"start":{"line":28,"column":2},"end":{"line":45,"column":5}},"14":{"start":{"line":29,"column":20},"end":{"line":29,"column":65}},"15":{"start":{"line":30,"column":19},"end":{"line":30,"column":48}},"16":{"start":{"line":31,"column":19},"end":{"line":31,"column":85}},"17":{"start":{"line":32,"column":21},"end":{"line":32,"column":59}},"18":{"start":{"line":33,"column":19},"end":{"line":33,"column":59}},"19":{"start":{"line":34,"column":20},"end":{"line":34,"column":70}},"20":{"start":{"line":35,"column":4},"end":{"line":44,"column":6}},"21":{"start":{"line":49,"column":2},"end":{"line":63,"column":4}},"22":{"start":{"line":56,"column":42},"end":{"line":59,"column":7}},"23":{"start":{"line":67,"column":2},"end":{"line":72,"column":4}},"24":{"start":{"line":76,"column":2},"end":{"line":82,"column":4}},"25":{"start":{"line":86,"column":28},"end":{"line":105,"column":1}},"26":{"start":{"line":87,"column":13},"end":{"line":104,"column":3}},"27":{"start":{"line":108,"column":16},"end":{"line":331,"column":3}},"28":{"start":{"line":108,"column":39},"end":{"line":331,"column":1}},"29":{"start":{"line":141,"column":27},"end":{"line":141,"column":52}},"30":{"start":{"line":142,"column":25},"end":{"line":142,"column":48}},"31":{"start":{"line":143,"column":36},"end":{"line":143,"column":70}},"32":{"start":{"line":144,"column":35},"end":{"line":144,"column":68}},"33":{"start":{"line":145,"column":32},"end":{"line":145,"column":62}},"34":{"start":{"line":146,"column":29},"end":{"line":146,"column":56}},"35":{"start":{"line":147,"column":32},"end":{"line":147,"column":62}},"36":{"start":{"line":148,"column":23},"end":{"line":148,"column":37}},"37":{"start":{"line":149,"column":33},"end":{"line":149,"column":52}},"38":{"start":{"line":150,"column":39},"end":{"line":150,"column":61}},"39":{"start":{"line":153,"column":4},"end":{"line":153,"column":73}},"40":{"start":{"line":153,"column":16},"end":{"line":153,"column":70}},"41":{"start":{"line":154,"column":4},"end":{"line":155,"column":62}},"42":{"start":{"line":159,"column":4},"end":{"line":163,"column":8}},"43":{"start":{"line":159,"column":16},"end":{"line":163,"column":5}},"44":{"start":{"line":161,"column":8},"end":{"line":161,"column":98}},"45":{"start":{"line":164,"column":4},"end":{"line":164,"column":108}},"46":{"start":{"line":168,"column":4},"end":{"line":168,"column":82}},"47":{"start":{"line":168,"column":16},"end":{"line":168,"column":79}},"48":{"start":{"line":169,"column":4},"end":{"line":171,"column":5}},"49":{"start":{"line":170,"column":6},"end":{"line":170,"column":124}},"50":{"start":{"line":172,"column":4},"end":{"line":174,"column":5}},"51":{"start":{"line":173,"column":6},"end":{"line":173,"column":122}},"52":{"start":{"line":178,"column":4},"end":{"line":178,"column":80}},"53":{"start":{"line":178,"column":16},"end":{"line":178,"column":77}},"54":{"start":{"line":181,"column":33},"end":{"line":181,"column":64}},"55":{"start":{"line":184,"column":4},"end":{"line":184,"column":36}},"56":{"start":{"line":188,"column":32},"end":{"line":188,"column":37}},"57":{"start":{"line":189,"column":19},"end":{"line":189,"column":73}},"58":{"start":{"line":190,"column":4},"end":{"line":190,"column":71}},"59":{"start":{"line":191,"column":4},"end":{"line":191,"column":131}},"60":{"start":{"line":196,"column":18},"end":{"line":196,"column":23}},"61":{"start":{"line":197,"column":85},"end":{"line":197,"column":90}},"62":{"start":{"line":200,"column":21},"end":{"line":200,"column":41}},"63":{"start":{"line":203,"column":30},"end":{"line":205,"column":26}},"64":{"start":{"line":208,"column":23},"end":{"line":208,"column":88}},"65":{"start":{"line":211,"column":29},"end":{"line":213,"column":25}},"66":{"start":{"line":215,"column":4},"end":{"line":221,"column":7}},"67":{"start":{"line":225,"column":32},"end":{"line":225,"column":37}},"68":{"start":{"line":226,"column":22},"end":{"line":226,"column":76}},"69":{"start":{"line":227,"column":21},"end":{"line":227,"column":55}},"70":{"start":{"line":230,"column":22},"end":{"line":230,"column":68}},"71":{"start":{"line":230,"column":40},"end":{"line":230,"column":57}},"72":{"start":{"line":233,"column":25},"end":{"line":236,"column":12}},"73":{"start":{"line":234,"column":19},"end":{"line":234,"column":63}},"74":{"start":{"line":235,"column":6},"end":{"line":235,"column":32}},"75":{"start":{"line":239,"column":26},"end":{"line":246,"column":12}},"76":{"start":{"line":240,"column":39},"end":{"line":240,"column":44}},"77":{"start":{"line":241,"column":19},"end":{"line":241,"column":73}},"78":{"start":{"line":242,"column":6},"end":{"line":245,"column":7}},"79":{"start":{"line":243,"column":20},"end":{"line":243,"column":62}},"80":{"start":{"line":244,"column":8},"end":{"line":244,"column":31}},"81":{"start":{"line":249,"column":27},"end":{"line":259,"column":13}},"82":{"start":{"line":250,"column":24},"end":{"line":250,"column":29}},"83":{"start":{"line":251,"column":28},"end":{"line":251,"column":65}},"84":{"start":{"line":251,"column":48},"end":{"line":251,"column":64}},"85":{"start":{"line":252,"column":6},"end":{"line":256,"column":7}},"86":{"start":{"line":253,"column":21},"end":{"line":253,"column":84}},"87":{"start":{"line":254,"column":25},"end":{"line":254,"column":53}},"88":{"start":{"line":255,"column":8},"end":{"line":255,"column":107}},"89":{"start":{"line":257,"column":23},"end":{"line":257,"column":90}},"90":{"start":{"line":258,"column":6},"end":{"line":258,"column":38}},"91":{"start":{"line":262,"column":23},"end":{"line":270,"column":13}},"92":{"start":{"line":263,"column":24},"end":{"line":263,"column":29}},"93":{"start":{"line":264,"column":23},"end":{"line":264,"column":59}},"94":{"start":{"line":264,"column":41},"end":{"line":264,"column":58}},"95":{"start":{"line":265,"column":6},"end":{"line":269,"column":7}},"96":{"start":{"line":266,"column":8},"end":{"line":267,"column":94}},"97":{"start":{"line":268,"column":8},"end":{"line":268,"column":61}},"98":{"start":{"line":272,"column":4},"end":{"line":272,"column":117}},"99":{"start":{"line":276,"column":30},"end":{"line":276,"column":35}},"100":{"start":{"line":277,"column":4},"end":{"line":277,"column":36}},"101":{"start":{"line":278,"column":4},"end":{"line":278,"column":52}},"102":{"start":{"line":282,"column":30},"end":{"line":282,"column":35}},"103":{"start":{"line":283,"column":4},"end":{"line":283,"column":36}},"104":{"start":{"line":284,"column":4},"end":{"line":284,"column":35}},"105":{"start":{"line":285,"column":4},"end":{"line":285,"column":29}},"106":{"start":{"line":286,"column":4},"end":{"line":299,"column":7}},"107":{"start":{"line":300,"column":4},"end":{"line":300,"column":102}},"108":{"start":{"line":304,"column":24},"end":{"line":304,"column":62}},"109":{"start":{"line":305,"column":4},"end":{"line":305,"column":25}},"110":{"start":{"line":309,"column":19},"end":{"line":309,"column":69}},"111":{"start":{"line":310,"column":4},"end":{"line":313,"column":5}},"112":{"start":{"line":311,"column":6},"end":{"line":311,"column":64}},"113":{"start":{"line":311,"column":40},"end":{"line":311,"column":62}},"114":{"start":{"line":312,"column":6},"end":{"line":312,"column":115}},"115":{"start":{"line":317,"column":4},"end":{"line":321,"column":5}},"116":{"start":{"line":318,"column":6},"end":{"line":318,"column":44}},"117":{"start":{"line":320,"column":6},"end":{"line":320,"column":39}},"118":{"start":{"line":322,"column":18},"end":{"line":322,"column":50}},"119":{"start":{"line":323,"column":4},"end":{"line":323,"column":19}},"120":{"start":{"line":324,"column":4},"end":{"line":324,"column":118}},"121":{"start":{"line":328,"column":4},"end":{"line":328,"column":36}},"122":{"start":{"line":329,"column":4},"end":{"line":329,"column":57}},"123":{"start":{"line":334,"column":0},"end":{"line":336,"column":3}},"124":{"start":{"line":335,"column":2},"end":{"line":335,"column":39}},"125":{"start":{"line":339,"column":0},"end":{"line":341,"column":3}},"126":{"start":{"line":340,"column":2},"end":{"line":340,"column":37}},"127":{"start":{"line":344,"column":0},"end":{"line":350,"column":5}},"128":{"start":{"line":345,"column":16},"end":{"line":345,"column":41}},"129":{"start":{"line":346,"column":19},"end":{"line":346,"column":64}},"130":{"start":{"line":347,"column":2},"end":{"line":347,"column":65}},"131":{"start":{"line":347,"column":26},"end":{"line":347,"column":63}},"132":{"start":{"line":348,"column":19},"end":{"line":348,"column":86}},"133":{"start":{"line":349,"column":2},"end":{"line":349,"column":48}}},"fnMap":{"0":{"name":"(anonymous_0)","decl":{"start":{"line":16,"column":14},"end":{"line":16,"column":15}},"loc":{"start":{"line":16,"column":31},"end":{"line":16,"column":62}},"line":16},"1":{"name":"(anonymous_1)","decl":{"start":{"line":17,"column":14},"end":{"line":17,"column":15}},"loc":{"start":{"line":17,"column":41},"end":{"line":17,"column":105}},"line":17},"2":{"name":"(anonymous_2)","decl":{"start":{"line":18,"column":17},"end":{"line":18,"column":18}},"loc":{"start":{"line":18,"column":44},"end":{"line":18,"column":77}},"line":18},"3":{"name":"deriveGateStatus","decl":{"start":{"line":20,"column":9},"end":{"line":20,"column":25}},"loc":{"start":{"line":20,"column":37},"end":{"line":25,"column":1}},"line":20},"4":{"name":"liveTickGates","decl":{"start":{"line":27,"column":9},"end":{"line":27,"column":22}},"loc":{"start":{"line":27,"column":30},"end":{"line":46,"column":1}},"line":27},"5":{"name":"(anonymous_5)","decl":{"start":{"line":28,"column":19},"end":{"line":28,"column":20}},"loc":{"start":{"line":28,"column":26},"end":{"line":45,"column":3}},"line":28},"6":{"name":"liveTickSustainability","decl":{"start":{"line":48,"column":9},"end":{"line":48,"column":31}},"loc":{"start":{"line":48,"column":38},"end":{"line":64,"column":1}},"line":48},"7":{"name":"(anonymous_7)","decl":{"start":{"line":56,"column":34},"end":{"line":56,"column":35}},"loc":{"start":{"line":56,"column":42},"end":{"line":59,"column":7}},"line":56},"8":{"name":"liveTickWeather","decl":{"start":{"line":66,"column":9},"end":{"line":66,"column":24}},"loc":{"start":{"line":66,"column":28},"end":{"line":73,"column":1}},"line":66},"9":{"name":"liveTickAccessibility","decl":{"start":{"line":75,"column":9},"end":{"line":75,"column":30}},"loc":{"start":{"line":75,"column":37},"end":{"line":83,"column":1}},"line":75},"10":{"name":"(anonymous_10)","decl":{"start":{"line":87,"column":2},"end":{"line":87,"column":3}},"loc":{"start":{"line":87,"column":13},"end":{"line":104,"column":3}},"line":87},"11":{"name":"(anonymous_11)","decl":{"start":{"line":108,"column":24},"end":{"line":108,"column":25}},"loc":{"start":{"line":108,"column":39},"end":{"line":331,"column":1}},"line":108},"12":{"name":"(anonymous_12)","decl":{"start":{"line":141,"column":17},"end":{"line":141,"column":18}},"loc":{"start":{"line":141,"column":27},"end":{"line":141,"column":52}},"line":141},"13":{"name":"(anonymous_13)","decl":{"start":{"line":142,"column":18},"end":{"line":142,"column":19}},"loc":{"start":{"line":142,"column":25},"end":{"line":142,"column":48}},"line":142},"14":{"name":"(anonymous_14)","decl":{"start":{"line":143,"column":29},"end":{"line":143,"column":30}},"loc":{"start":{"line":143,"column":36},"end":{"line":143,"column":70}},"line":143},"15":{"name":"(anonymous_15)","decl":{"start":{"line":144,"column":28},"end":{"line":144,"column":29}},"loc":{"start":{"line":144,"column":35},"end":{"line":144,"column":68}},"line":144},"16":{"name":"(anonymous_16)","decl":{"start":{"line":145,"column":25},"end":{"line":145,"column":26}},"loc":{"start":{"line":145,"column":32},"end":{"line":145,"column":62}},"line":145},"17":{"name":"(anonymous_17)","decl":{"start":{"line":146,"column":19},"end":{"line":146,"column":20}},"loc":{"start":{"line":146,"column":29},"end":{"line":146,"column":56}},"line":146},"18":{"name":"(anonymous_18)","decl":{"start":{"line":147,"column":23},"end":{"line":147,"column":24}},"loc":{"start":{"line":147,"column":32},"end":{"line":147,"column":62}},"line":147},"19":{"name":"(anonymous_19)","decl":{"start":{"line":148,"column":12},"end":{"line":148,"column":13}},"loc":{"start":{"line":148,"column":23},"end":{"line":148,"column":37}},"line":148},"20":{"name":"(anonymous_20)","decl":{"start":{"line":149,"column":17},"end":{"line":149,"column":18}},"loc":{"start":{"line":149,"column":33},"end":{"line":149,"column":52}},"line":149},"21":{"name":"(anonymous_21)","decl":{"start":{"line":150,"column":20},"end":{"line":150,"column":21}},"loc":{"start":{"line":150,"column":39},"end":{"line":150,"column":61}},"line":150},"22":{"name":"(anonymous_22)","decl":{"start":{"line":152,"column":15},"end":{"line":152,"column":16}},"loc":{"start":{"line":152,"column":29},"end":{"line":156,"column":3}},"line":152},"23":{"name":"(anonymous_23)","decl":{"start":{"line":153,"column":8},"end":{"line":153,"column":9}},"loc":{"start":{"line":153,"column":16},"end":{"line":153,"column":70}},"line":153},"24":{"name":"(anonymous_24)","decl":{"start":{"line":158,"column":19},"end":{"line":158,"column":20}},"loc":{"start":{"line":158,"column":27},"end":{"line":165,"column":3}},"line":158},"25":{"name":"(anonymous_25)","decl":{"start":{"line":159,"column":8},"end":{"line":159,"column":9}},"loc":{"start":{"line":159,"column":16},"end":{"line":163,"column":5}},"line":159},"26":{"name":"(anonymous_26)","decl":{"start":{"line":160,"column":33},"end":{"line":160,"column":34}},"loc":{"start":{"line":161,"column":8},"end":{"line":161,"column":98}},"line":161},"27":{"name":"(anonymous_27)","decl":{"start":{"line":167,"column":18},"end":{"line":167,"column":19}},"loc":{"start":{"line":167,"column":35},"end":{"line":175,"column":3}},"line":167},"28":{"name":"(anonymous_28)","decl":{"start":{"line":168,"column":8},"end":{"line":168,"column":9}},"loc":{"start":{"line":168,"column":16},"end":{"line":168,"column":79}},"line":168},"29":{"name":"(anonymous_29)","decl":{"start":{"line":177,"column":18},"end":{"line":177,"column":19}},"loc":{"start":{"line":177,"column":33},"end":{"line":179,"column":3}},"line":177},"30":{"name":"(anonymous_30)","decl":{"start":{"line":178,"column":8},"end":{"line":178,"column":9}},"loc":{"start":{"line":178,"column":16},"end":{"line":178,"column":77}},"line":178},"31":{"name":"(anonymous_31)","decl":{"start":{"line":181,"column":19},"end":{"line":181,"column":20}},"loc":{"start":{"line":181,"column":33},"end":{"line":181,"column":64}},"line":181},"32":{"name":"(anonymous_32)","decl":{"start":{"line":183,"column":22},"end":{"line":183,"column":23}},"loc":{"start":{"line":183,"column":33},"end":{"line":185,"column":3}},"line":183},"33":{"name":"(anonymous_33)","decl":{"start":{"line":187,"column":21},"end":{"line":187,"column":22}},"loc":{"start":{"line":187,"column":27},"end":{"line":192,"column":3}},"line":187},"34":{"name":"(anonymous_34)","decl":{"start":{"line":195,"column":13},"end":{"line":195,"column":14}},"loc":{"start":{"line":195,"column":19},"end":{"line":222,"column":3}},"line":195},"35":{"name":"(anonymous_35)","decl":{"start":{"line":224,"column":19},"end":{"line":224,"column":20}},"loc":{"start":{"line":224,"column":25},"end":{"line":273,"column":3}},"line":224},"36":{"name":"(anonymous_36)","decl":{"start":{"line":230,"column":34},"end":{"line":230,"column":35}},"loc":{"start":{"line":230,"column":40},"end":{"line":230,"column":57}},"line":230},"37":{"name":"(anonymous_37)","decl":{"start":{"line":233,"column":37},"end":{"line":233,"column":42}},"loc":{"start":{"line":233,"column":49},"end":{"line":236,"column":5}},"line":233},"38":{"name":"(anonymous_38)","decl":{"start":{"line":239,"column":38},"end":{"line":239,"column":39}},"loc":{"start":{"line":239,"column":44},"end":{"line":246,"column":5}},"line":239},"39":{"name":"(anonymous_39)","decl":{"start":{"line":249,"column":39},"end":{"line":249,"column":44}},"loc":{"start":{"line":249,"column":51},"end":{"line":259,"column":5}},"line":249},"40":{"name":"(anonymous_40)","decl":{"start":{"line":251,"column":41},"end":{"line":251,"column":42}},"loc":{"start":{"line":251,"column":48},"end":{"line":251,"column":64}},"line":251},"41":{"name":"(anonymous_41)","decl":{"start":{"line":262,"column":35},"end":{"line":262,"column":36}},"loc":{"start":{"line":262,"column":41},"end":{"line":270,"column":5}},"line":262},"42":{"name":"(anonymous_42)","decl":{"start":{"line":264,"column":34},"end":{"line":264,"column":35}},"loc":{"start":{"line":264,"column":41},"end":{"line":264,"column":58}},"line":264},"43":{"name":"(anonymous_43)","decl":{"start":{"line":275,"column":19},"end":{"line":275,"column":20}},"loc":{"start":{"line":275,"column":25},"end":{"line":279,"column":3}},"line":275},"44":{"name":"(anonymous_44)","decl":{"start":{"line":281,"column":19},"end":{"line":281,"column":20}},"loc":{"start":{"line":281,"column":25},"end":{"line":301,"column":3}},"line":281},"45":{"name":"(anonymous_45)","decl":{"start":{"line":303,"column":17},"end":{"line":303,"column":22}},"loc":{"start":{"line":303,"column":29},"end":{"line":306,"column":3}},"line":303},"46":{"name":"(anonymous_46)","decl":{"start":{"line":308,"column":19},"end":{"line":308,"column":24}},"loc":{"start":{"line":308,"column":41},"end":{"line":314,"column":3}},"line":308},"47":{"name":"(anonymous_47)","decl":{"start":{"line":311,"column":31},"end":{"line":311,"column":32}},"loc":{"start":{"line":311,"column":40},"end":{"line":311,"column":62}},"line":311},"48":{"name":"(anonymous_48)","decl":{"start":{"line":316,"column":21},"end":{"line":316,"column":26}},"loc":{"start":{"line":316,"column":43},"end":{"line":325,"column":3}},"line":316},"49":{"name":"(anonymous_49)","decl":{"start":{"line":327,"column":23},"end":{"line":327,"column":24}},"loc":{"start":{"line":327,"column":31},"end":{"line":330,"column":3}},"line":327},"50":{"name":"(anonymous_50)","decl":{"start":{"line":334,"column":30},"end":{"line":334,"column":31}},"loc":{"start":{"line":334,"column":49},"end":{"line":336,"column":1}},"line":334},"51":{"name":"(anonymous_51)","decl":{"start":{"line":339,"column":38},"end":{"line":339,"column":39}},"loc":{"start":{"line":339,"column":55},"end":{"line":341,"column":1}},"line":339},"52":{"name":"(anonymous_52)","decl":{"start":{"line":344,"column":1},"end":{"line":344,"column":6}},"loc":{"start":{"line":344,"column":13},"end":{"line":350,"column":1}},"line":344},"53":{"name":"(anonymous_53)","decl":{"start":{"line":347,"column":19},"end":{"line":347,"column":20}},"loc":{"start":{"line":347,"column":26},"end":{"line":347,"column":63}},"line":347}},"branchMap":{"0":{"loc":{"start":{"line":17,"column":28},"end":{"line":17,"column":36}},"type":"default-arg","locations":[{"start":{"line":17,"column":32},"end":{"line":17,"column":36}}],"line":17},"1":{"loc":{"start":{"line":18,"column":31},"end":{"line":18,"column":39}},"type":"default-arg","locations":[{"start":{"line":18,"column":35},"end":{"line":18,"column":39}}],"line":18},"2":{"loc":{"start":{"line":21,"column":2},"end":{"line":21,"column":41}},"type":"if","locations":[{"start":{"line":21,"column":2},"end":{"line":21,"column":41}},{"start":{},"end":{}}],"line":21},"3":{"loc":{"start":{"line":22,"column":2},"end":{"line":22,"column":37}},"type":"if","locations":[{"start":{"line":22,"column":2},"end":{"line":22,"column":37}},{"start":{},"end":{}}],"line":22},"4":{"loc":{"start":{"line":23,"column":2},"end":{"line":23,"column":40}},"type":"if","locations":[{"start":{"line":23,"column":2},"end":{"line":23,"column":40}},{"start":{},"end":{}}],"line":23},"5":{"loc":{"start":{"line":92,"column":31},"end":{"line":92,"column":82}},"type":"cond-expr","locations":[{"start":{"line":92,"column":49},"end":{"line":92,"column":52}},{"start":{"line":92,"column":55},"end":{"line":92,"column":82}}],"line":92},"6":{"loc":{"start":{"line":92,"column":55},"end":{"line":92,"column":82}},"type":"cond-expr","locations":[{"start":{"line":92,"column":73},"end":{"line":92,"column":76}},{"start":{"line":92,"column":79},"end":{"line":92,"column":82}}],"line":92},"7":{"loc":{"start":{"line":98,"column":15},"end":{"line":98,"column":91}},"type":"cond-expr","locations":[{"start":{"line":98,"column":38},"end":{"line":98,"column":48}},{"start":{"line":98,"column":51},"end":{"line":98,"column":91}}],"line":98},"8":{"loc":{"start":{"line":98,"column":51},"end":{"line":98,"column":91}},"type":"cond-expr","locations":[{"start":{"line":98,"column":74},"end":{"line":98,"column":80}},{"start":{"line":98,"column":83},"end":{"line":98,"column":91}}],"line":98},"9":{"loc":{"start":{"line":155,"column":6},"end":{"line":155,"column":60}},"type":"cond-expr","locations":[{"start":{"line":155,"column":41},"end":{"line":155,"column":51}},{"start":{"line":155,"column":54},"end":{"line":155,"column":60}}],"line":155},"10":{"loc":{"start":{"line":161,"column":8},"end":{"line":161,"column":98}},"type":"cond-expr","locations":[{"start":{"line":161,"column":24},"end":{"line":161,"column":92}},{"start":{"line":161,"column":95},"end":{"line":161,"column":98}}],"line":161},"11":{"loc":{"start":{"line":169,"column":4},"end":{"line":171,"column":5}},"type":"if","locations":[{"start":{"line":169,"column":4},"end":{"line":171,"column":5}},{"start":{},"end":{}}],"line":169},"12":{"loc":{"start":{"line":172,"column":4},"end":{"line":174,"column":5}},"type":"if","locations":[{"start":{"line":172,"column":4},"end":{"line":174,"column":5}},{"start":{},"end":{}}],"line":172},"13":{"loc":{"start":{"line":203,"column":30},"end":{"line":205,"column":26}},"type":"cond-expr","locations":[{"start":{"line":204,"column":8},"end":{"line":204,"column":50}},{"start":{"line":205,"column":8},"end":{"line":205,"column":26}}],"line":203},"14":{"loc":{"start":{"line":208,"column":23},"end":{"line":208,"column":88}},"type":"cond-expr","locations":[{"start":{"line":208,"column":46},"end":{"line":208,"column":74}},{"start":{"line":208,"column":77},"end":{"line":208,"column":88}}],"line":208},"15":{"loc":{"start":{"line":211,"column":29},"end":{"line":213,"column":25}},"type":"cond-expr","locations":[{"start":{"line":212,"column":8},"end":{"line":212,"column":48}},{"start":{"line":213,"column":8},"end":{"line":213,"column":25}}],"line":211},"16":{"loc":{"start":{"line":227,"column":21},"end":{"line":227,"column":55}},"type":"binary-expr","locations":[{"start":{"line":227,"column":21},"end":{"line":227,"column":47}},{"start":{"line":227,"column":51},"end":{"line":227,"column":55}}],"line":227},"17":{"loc":{"start":{"line":241,"column":19},"end":{"line":241,"column":73}},"type":"cond-expr","locations":[{"start":{"line":241,"column":39},"end":{"line":241,"column":43}},{"start":{"line":241,"column":46},"end":{"line":241,"column":73}}],"line":241},"18":{"loc":{"start":{"line":241,"column":46},"end":{"line":241,"column":73}},"type":"cond-expr","locations":[{"start":{"line":241,"column":63},"end":{"line":241,"column":66}},{"start":{"line":241,"column":69},"end":{"line":241,"column":73}}],"line":241},"19":{"loc":{"start":{"line":242,"column":6},"end":{"line":245,"column":7}},"type":"if","locations":[{"start":{"line":242,"column":6},"end":{"line":245,"column":7}},{"start":{},"end":{}}],"line":242},"20":{"loc":{"start":{"line":252,"column":6},"end":{"line":256,"column":7}},"type":"if","locations":[{"start":{"line":252,"column":6},"end":{"line":256,"column":7}},{"start":{},"end":{}}],"line":252},"21":{"loc":{"start":{"line":265,"column":6},"end":{"line":269,"column":7}},"type":"if","locations":[{"start":{"line":265,"column":6},"end":{"line":269,"column":7}},{"start":{},"end":{}}],"line":265},"22":{"loc":{"start":{"line":265,"column":10},"end":{"line":265,"column":41}},"type":"binary-expr","locations":[{"start":{"line":265,"column":10},"end":{"line":265,"column":18}},{"start":{"line":265,"column":22},"end":{"line":265,"column":41}}],"line":265},"23":{"loc":{"start":{"line":276,"column":12},"end":{"line":276,"column":25}},"type":"default-arg","locations":[{"start":{"line":276,"column":23},"end":{"line":276,"column":25}}],"line":276},"24":{"loc":{"start":{"line":282,"column":12},"end":{"line":282,"column":25}},"type":"default-arg","locations":[{"start":{"line":282,"column":23},"end":{"line":282,"column":25}}],"line":282},"25":{"loc":{"start":{"line":310,"column":4},"end":{"line":313,"column":5}},"type":"if","locations":[{"start":{"line":310,"column":4},"end":{"line":313,"column":5}},{"start":{},"end":{}}],"line":310},"26":{"loc":{"start":{"line":317,"column":4},"end":{"line":321,"column":5}},"type":"if","locations":[{"start":{"line":317,"column":4},"end":{"line":321,"column":5}},{"start":{"line":319,"column":11},"end":{"line":321,"column":5}}],"line":317}},"s":{"0":2,"1":814,"2":2,"3":573,"4":2,"5":304,"6":100,"7":13,"8":87,"9":11,"10":76,"11":16,"12":60,"13":20,"14":100,"15":100,"16":100,"17":100,"18":100,"19":100,"20":100,"21":7,"22":28,"23":2,"24":4,"25":2,"26":2,"27":2,"28":2,"29":1,"30":1,"31":1,"32":1,"33":1,"34":1,"35":1,"36":1,"37":1,"38":1,"39":4,"40":4,"41":4,"42":1,"43":1,"44":5,"45":1,"46":2,"47":2,"48":2,"49":1,"50":2,"51":1,"52":7,"53":7,"54":1,"55":1,"56":1,"57":1,"58":1,"59":1,"60":20,"61":20,"62":20,"63":20,"64":20,"65":20,"66":20,"67":1,"68":1,"69":1,"70":1,"71":20,"72":1,"73":4,"74":3,"75":1,"76":2,"77":2,"78":2,"79":1,"80":1,"81":1,"82":2,"83":2,"84":10,"85":2,"86":2,"87":2,"88":2,"89":2,"90":1,"91":1,"92":1,"93":1,"94":4,"95":1,"96":1,"97":1,"98":1,"99":11,"100":11,"101":11,"102":10,"103":10,"104":10,"105":10,"106":10,"107":10,"108":1,"109":1,"110":1,"111":1,"112":1,"113":2,"114":1,"115":2,"116":1,"117":1,"118":2,"119":2,"120":2,"121":1,"122":1,"123":2,"124":25,"125":2,"126":2,"127":2,"128":2,"129":2,"130":2,"131":4,"132":2,"133":0},"f":{"0":814,"1":573,"2":304,"3":100,"4":20,"5":100,"6":7,"7":28,"8":2,"9":4,"10":2,"11":2,"12":1,"13":1,"14":1,"15":1,"16":1,"17":1,"18":1,"19":1,"20":1,"21":1,"22":4,"23":4,"24":1,"25":1,"26":5,"27":2,"28":2,"29":7,"30":7,"31":1,"32":1,"33":1,"34":20,"35":1,"36":20,"37":4,"38":2,"39":2,"40":10,"41":1,"42":4,"43":11,"44":10,"45":1,"46":1,"47":2,"48":2,"49":1,"50":25,"51":2,"52":2,"53":4},"b":{"0":[573],"1":[304],"2":[13,87],"3":[11,76],"4":[16,60],"5":[1,1],"6":[1,0],"7":[1,1],"8":[1,0],"9":[1,3],"10":[1,4],"11":[1,1],"12":[1,1],"13":[7,13],"14":[2,18],"15":[4,16],"16":[1,0],"17":[0,2],"18":[2,0],"19":[1,1],"20":[2,0],"21":[1,0],"22":[1,1],"23":[11],"24":[10],"25":[1,0],"26":[1,1]},"meta":{"lastBranch":27,"lastFunction":54,"lastStatement":134,"seen":{"s:16:14:16:62":0,"f:16:14:16:15":0,"s:16:31:16:62":1,"s:17:14:17:105":2,"f:17:14:17:15":1,"s:17:41:17:105":3,"b:17:32:17:36":0,"s:18:17:18:77":4,"f:18:17:18:18":2,"s:18:44:18:77":5,"b:18:35:18:39":1,"f:20:9:20:25":3,"b:21:2:21:41:undefined:undefined:undefined:undefined":2,"s:21:2:21:41":6,"s:21:23:21:41":7,"b:22:2:22:37:undefined:undefined:undefined:undefined":3,"s:22:2:22:37":8,"s:22:23:22:37":9,"b:23:2:23:40:undefined:undefined:undefined:undefined":4,"s:23:2:23:40":10,"s:23:23:23:40":11,"s:24:2:24:18":12,"f:27:9:27:22":4,"s:28:2:45:5":13,"f:28:19:28:20":5,"s:29:20:29:65":14,"s:30:19:30:48":15,"s:31:19:31:85":16,"s:32:21:32:59":17,"s:33:19:33:59":18,"s:34:20:34:70":19,"s:35:4:44:6":20,"f:48:9:48:31":6,"s:49:2:63:4":21,"f:56:34:56:35":7,"s:56:42:59:7":22,"f:66:9:66:24":8,"s:67:2:72:4":23,"f:75:9:75:30":9,"s:76:2:82:4":24,"s:86:28:105:1":25,"f:87:2:87:3":10,"s:87:13:104:3":26,"b:92:49:92:52:92:55:92:82":5,"b:92:73:92:76:92:79:92:82":6,"b:98:38:98:48:98:51:98:91":7,"b:98:74:98:80:98:83:98:91":8,"s:108:16:331:3":27,"f:108:24:108:25":11,"s:108:39:331:1":28,"f:141:17:141:18":12,"s:141:27:141:52":29,"f:142:18:142:19":13,"s:142:25:142:48":30,"f:143:29:143:30":14,"s:143:36:143:70":31,"f:144:28:144:29":15,"s:144:35:144:68":32,"f:145:25:145:26":16,"s:145:32:145:62":33,"f:146:19:146:20":17,"s:146:29:146:56":34,"f:147:23:147:24":18,"s:147:32:147:62":35,"f:148:12:148:13":19,"s:148:23:148:37":36,"f:149:17:149:18":20,"s:149:33:149:52":37,"f:150:20:150:21":21,"s:150:39:150:61":38,"f:152:15:152:16":22,"s:153:4:153:73":39,"f:153:8:153:9":23,"s:153:16:153:70":40,"s:154:4:155:62":41,"b:155:41:155:51:155:54:155:60":9,"f:158:19:158:20":24,"s:159:4:163:8":42,"f:159:8:159:9":25,"s:159:16:163:5":43,"f:160:33:160:34":26,"s:161:8:161:98":44,"b:161:24:161:92:161:95:161:98":10,"s:164:4:164:108":45,"f:167:18:167:19":27,"s:168:4:168:82":46,"f:168:8:168:9":28,"s:168:16:168:79":47,"b:169:4:171:5:undefined:undefined:undefined:undefined":11,"s:169:4:171:5":48,"s:170:6:170:124":49,"b:172:4:174:5:undefined:undefined:undefined:undefined":12,"s:172:4:174:5":50,"s:173:6:173:122":51,"f:177:18:177:19":29,"s:178:4:178:80":52,"f:178:8:178:9":30,"s:178:16:178:77":53,"f:181:19:181:20":31,"s:181:33:181:64":54,"f:183:22:183:23":32,"s:184:4:184:36":55,"f:187:21:187:22":33,"s:188:32:188:37":56,"s:189:19:189:73":57,"s:190:4:190:71":58,"s:191:4:191:131":59,"f:195:13:195:14":34,"s:196:18:196:23":60,"s:197:85:197:90":61,"s:200:21:200:41":62,"s:203:30:205:26":63,"b:204:8:204:50:205:8:205:26":13,"s:208:23:208:88":64,"b:208:46:208:74:208:77:208:88":14,"s:211:29:213:25":65,"b:212:8:212:48:213:8:213:25":15,"s:215:4:221:7":66,"f:224:19:224:20":35,"s:225:32:225:37":67,"s:226:22:226:76":68,"s:227:21:227:55":69,"b:227:21:227:47:227:51:227:55":16,"s:230:22:230:68":70,"f:230:34:230:35":36,"s:230:40:230:57":71,"s:233:25:236:12":72,"f:233:37:233:42":37,"s:234:19:234:63":73,"s:235:6:235:32":74,"s:239:26:246:12":75,"f:239:38:239:39":38,"s:240:39:240:44":76,"s:241:19:241:73":77,"b:241:39:241:43:241:46:241:73":17,"b:241:63:241:66:241:69:241:73":18,"b:242:6:245:7:undefined:undefined:undefined:undefined":19,"s:242:6:245:7":78,"s:243:20:243:62":79,"s:244:8:244:31":80,"s:249:27:259:13":81,"f:249:39:249:44":39,"s:250:24:250:29":82,"s:251:28:251:65":83,"f:251:41:251:42":40,"s:251:48:251:64":84,"b:252:6:256:7:undefined:undefined:undefined:undefined":20,"s:252:6:256:7":85,"s:253:21:253:84":86,"s:254:25:254:53":87,"s:255:8:255:107":88,"s:257:23:257:90":89,"s:258:6:258:38":90,"s:262:23:270:13":91,"f:262:35:262:36":41,"s:263:24:263:29":92,"s:264:23:264:59":93,"f:264:34:264:35":42,"s:264:41:264:58":94,"b:265:6:269:7:undefined:undefined:undefined:undefined":21,"s:265:6:269:7":95,"b:265:10:265:18:265:22:265:41":22,"s:266:8:267:94":96,"s:268:8:268:61":97,"s:272:4:272:117":98,"f:275:19:275:20":43,"s:276:30:276:35":99,"b:276:23:276:25":23,"s:277:4:277:36":100,"s:278:4:278:52":101,"f:281:19:281:20":44,"s:282:30:282:35":102,"b:282:23:282:25":24,"s:283:4:283:36":103,"s:284:4:284:35":104,"s:285:4:285:29":105,"s:286:4:299:7":106,"s:300:4:300:102":107,"f:303:17:303:22":45,"s:304:24:304:62":108,"s:305:4:305:25":109,"f:308:19:308:24":46,"s:309:19:309:69":110,"b:310:4:313:5:undefined:undefined:undefined:undefined":25,"s:310:4:313:5":111,"s:311:6:311:64":112,"f:311:31:311:32":47,"s:311:40:311:62":113,"s:312:6:312:115":114,"f:316:21:316:26":48,"b:317:4:321:5:319:11:321:5":26,"s:317:4:321:5":115,"s:318:6:318:44":116,"s:320:6:320:39":117,"s:322:18:322:50":118,"s:323:4:323:19":119,"s:324:4:324:118":120,"f:327:23:327:24":49,"s:328:4:328:36":121,"s:329:4:329:57":122,"s:334:0:336:3":123,"f:334:30:334:31":50,"s:335:2:335:39":124,"s:339:0:341:3":125,"f:339:38:339:39":51,"s:340:2:340:37":126,"s:344:0:350:5":127,"f:344:1:344:6":52,"s:345:16:345:41":128,"s:346:19:346:64":129,"s:347:2:347:65":130,"f:347:19:347:20":53,"s:347:26:347:63":131,"s:348:19:348:86":132,"s:349:2:349:48":133},"fnNames":{}}}
,"C:\\Users\\LENOVO\\Desktop\\projects\\promptwars\\pulsegrid\\src\\data\\mockData.js": {"path":"C:\\Users\\LENOVO\\Desktop\\projects\\promptwars\\pulsegrid\\src\\data\\mockData.js","statementMap":{"0":{"start":{"line":2,"column":31},"end":{"line":48,"column":1}},"1":{"start":{"line":50,"column":33},"end":{"line":115,"column":1}},"2":{"start":{"line":117,"column":32},"end":{"line":186,"column":1}},"3":{"start":{"line":188,"column":36},"end":{"line":225,"column":1}},"4":{"start":{"line":227,"column":41},"end":{"line":241,"column":1}},"5":{"start":{"line":243,"column":35},"end":{"line":251,"column":1}},"6":{"start":{"line":253,"column":34},"end":{"line":302,"column":1}},"7":{"start":{"line":304,"column":33},"end":{"line":321,"column":1}}},"fnMap":{},"branchMap":{},"s":{"0":3,"1":3,"2":3,"3":3,"4":3,"5":3,"6":3,"7":3},"f":{},"b":{},"meta":{"lastBranch":0,"lastFunction":0,"lastStatement":8,"seen":{"s:2:31:48:1":0,"s:50:33:115:1":1,"s:117:32:186:1":2,"s:188:36:225:1":3,"s:227:41:241:1":4,"s:243:35:251:1":5,"s:253:34:302:1":6,"s:304:33:321:1":7},"fnNames":{}}}
,"C:\\Users\\LENOVO\\Desktop\\projects\\promptwars\\pulsegrid\\src\\services\\crowdService.js": {"path":"C:\\Users\\LENOVO\\Desktop\\projects\\promptwars\\pulsegrid\\src\\services\\crowdService.js","statementMap":{"0":{"start":{"line":5,"column":14},"end":{"line":5,"column":59}},"1":{"start":{"line":5,"column":22},"end":{"line":5,"column":59}},"2":{"start":{"line":5,"column":41},"end":{"line":5,"column":58}},"3":{"start":{"line":7,"column":25},"end":{"line":7,"column":29}},"4":{"start":{"line":8,"column":18},"end":{"line":8,"column":20}},"5":{"start":{"line":9,"column":22},"end":{"line":9,"column":65}},"6":{"start":{"line":11,"column":14},"end":{"line":11,"column":66}},"7":{"start":{"line":11,"column":33},"end":{"line":11,"column":66}},"8":{"start":{"line":13,"column":19},"end":{"line":49,"column":1}},"9":{"start":{"line":14,"column":26},"end":{"line":17,"column":3}},"10":{"start":{"line":18,"column":15},"end":{"line":18,"column":44}},"11":{"start":{"line":19,"column":16},"end":{"line":19,"column":43}},"12":{"start":{"line":20,"column":24},"end":{"line":20,"column":57}},"13":{"start":{"line":22,"column":21},"end":{"line":22,"column":74}},"14":{"start":{"line":23,"column":21},"end":{"line":23,"column":76}},"15":{"start":{"line":25,"column":2},"end":{"line":25,"column":null}},"16":{"start":{"line":26,"column":2},"end":{"line":26,"column":null}},"17":{"start":{"line":27,"column":2},"end":{"line":27,"column":null}},"18":{"start":{"line":28,"column":2},"end":{"line":28,"column":null}},"19":{"start":{"line":31,"column":24},"end":{"line":31,"column":61}},"20":{"start":{"line":32,"column":20},"end":{"line":32,"column":64}},"21":{"start":{"line":33,"column":23},"end":{"line":33,"column":76}},"22":{"start":{"line":34,"column":2},"end":{"line":34,"column":null}},"23":{"start":{"line":37,"column":2},"end":{"line":40,"column":null}},"24":{"start":{"line":37,"column":50},"end":{"line":37,"column":null}},"25":{"start":{"line":38,"column":7},"end":{"line":40,"column":null}},"26":{"start":{"line":38,"column":51},"end":{"line":38,"column":null}},"27":{"start":{"line":39,"column":7},"end":{"line":40,"column":null}},"28":{"start":{"line":39,"column":53},"end":{"line":39,"column":null}},"29":{"start":{"line":40,"column":7},"end":{"line":40,"column":null}},"30":{"start":{"line":43,"column":2},"end":{"line":46,"column":null}},"31":{"start":{"line":48,"column":2},"end":{"line":48,"column":null}},"32":{"start":{"line":51,"column":28},"end":{"line":150,"column":1}},"33":{"start":{"line":53,"column":4},"end":{"line":53,"column":null}},"34":{"start":{"line":54,"column":4},"end":{"line":54,"column":null}},"35":{"start":{"line":58,"column":4},"end":{"line":58,"column":null}},"36":{"start":{"line":59,"column":18},"end":{"line":59,"column":20}},"37":{"start":{"line":60,"column":4},"end":{"line":71,"column":null}},"38":{"start":{"line":60,"column":19},"end":{"line":60,"column":20}},"39":{"start":{"line":61,"column":6},"end":{"line":70,"column":null}},"40":{"start":{"line":61,"column":21},"end":{"line":61,"column":22}},"41":{"start":{"line":62,"column":30},"end":{"line":68,"column":13}},"42":{"start":{"line":63,"column":23},"end":{"line":65,"column":11}},"43":{"start":{"line":66,"column":28},"end":{"line":66,"column":84}},"44":{"start":{"line":67,"column":10},"end":{"line":67,"column":null}},"45":{"start":{"line":69,"column":8},"end":{"line":69,"column":null}},"46":{"start":{"line":72,"column":4},"end":{"line":72,"column":null}},"47":{"start":{"line":76,"column":4},"end":{"line":76,"column":null}},"48":{"start":{"line":77,"column":4},"end":{"line":91,"column":null}},"49":{"start":{"line":78,"column":19},"end":{"line":78,"column":68}},"50":{"start":{"line":78,"column":47},"end":{"line":78,"column":67}},"51":{"start":{"line":79,"column":6},"end":{"line":90,"column":null}},"52":{"start":{"line":80,"column":8},"end":{"line":80,"column":null}},"53":{"start":{"line":80,"column":41},"end":{"line":80,"column":null}},"54":{"start":{"line":81,"column":8},"end":{"line":81,"column":null}},"55":{"start":{"line":81,"column":40},"end":{"line":81,"column":null}},"56":{"start":{"line":82,"column":8},"end":{"line":82,"column":null}},"57":{"start":{"line":82,"column":44},"end":{"line":82,"column":null}},"58":{"start":{"line":83,"column":8},"end":{"line":83,"column":null}},"59":{"start":{"line":83,"column":42},"end":{"line":83,"column":null}},"60":{"start":{"line":84,"column":8},"end":{"line":84,"column":null}},"61":{"start":{"line":84,"column":42},"end":{"line":84,"column":null}},"62":{"start":{"line":85,"column":8},"end":{"line":85,"column":null}},"63":{"start":{"line":85,"column":46},"end":{"line":85,"column":null}},"64":{"start":{"line":86,"column":8},"end":{"line":89,"column":null}},"65":{"start":{"line":86,"column":56},"end":{"line":86,"column":null}},"66":{"start":{"line":87,"column":13},"end":{"line":89,"column":null}},"67":{"start":{"line":87,"column":57},"end":{"line":87,"column":null}},"68":{"start":{"line":88,"column":13},"end":{"line":89,"column":null}},"69":{"start":{"line":88,"column":59},"end":{"line":88,"column":null}},"70":{"start":{"line":89,"column":13},"end":{"line":89,"column":null}},"71":{"start":{"line":92,"column":4},"end":{"line":92,"column":null}},"72":{"start":{"line":92,"column":32},"end":{"line":92,"column":79}},"73":{"start":{"line":93,"column":4},"end":{"line":93,"column":null}},"74":{"start":{"line":97,"column":4},"end":{"line":109,"column":null}},"75":{"start":{"line":98,"column":6},"end":{"line":107,"column":null}},"76":{"start":{"line":99,"column":21},"end":{"line":99,"column":89}},"77":{"start":{"line":99,"column":49},"end":{"line":99,"column":88}},"78":{"start":{"line":100,"column":8},"end":{"line":106,"column":null}},"79":{"start":{"line":101,"column":10},"end":{"line":101,"column":null}},"80":{"start":{"line":102,"column":10},"end":{"line":105,"column":null}},"81":{"start":{"line":102,"column":58},"end":{"line":102,"column":null}},"82":{"start":{"line":103,"column":15},"end":{"line":105,"column":null}},"83":{"start":{"line":103,"column":59},"end":{"line":103,"column":null}},"84":{"start":{"line":104,"column":15},"end":{"line":105,"column":null}},"85":{"start":{"line":104,"column":61},"end":{"line":104,"column":null}},"86":{"start":{"line":105,"column":15},"end":{"line":105,"column":null}},"87":{"start":{"line":108,"column":6},"end":{"line":108,"column":null}},"88":{"start":{"line":108,"column":34},"end":{"line":108,"column":81}},"89":{"start":{"line":113,"column":24},"end":{"line":113,"column":79}},"90":{"start":{"line":114,"column":4},"end":{"line":114,"column":null}},"91":{"start":{"line":114,"column":18},"end":{"line":114,"column":null}},"92":{"start":{"line":115,"column":4},"end":{"line":115,"column":null}},"93":{"start":{"line":115,"column":28},"end":{"line":115,"column":null}},"94":{"start":{"line":116,"column":4},"end":{"line":121,"column":null}},"95":{"start":{"line":117,"column":6},"end":{"line":119,"column":null}},"96":{"start":{"line":118,"column":8},"end":{"line":118,"column":null}},"97":{"start":{"line":120,"column":6},"end":{"line":120,"column":null}},"98":{"start":{"line":120,"column":34},"end":{"line":120,"column":81}},"99":{"start":{"line":122,"column":4},"end":{"line":125,"column":null}},"100":{"start":{"line":123,"column":6},"end":{"line":123,"column":null}},"101":{"start":{"line":124,"column":6},"end":{"line":124,"column":null}},"102":{"start":{"line":124,"column":47},"end":{"line":124,"column":62}},"103":{"start":{"line":129,"column":4},"end":{"line":132,"column":null}},"104":{"start":{"line":130,"column":6},"end":{"line":130,"column":null}},"105":{"start":{"line":131,"column":6},"end":{"line":131,"column":null}},"106":{"start":{"line":136,"column":4},"end":{"line":136,"column":null}},"107":{"start":{"line":137,"column":4},"end":{"line":137,"column":null}},"108":{"start":{"line":138,"column":4},"end":{"line":138,"column":null}},"109":{"start":{"line":138,"column":32},"end":{"line":138,"column":79}},"110":{"start":{"line":142,"column":4},"end":{"line":142,"column":null}},"111":{"start":{"line":143,"column":4},"end":{"line":143,"column":null}},"112":{"start":{"line":143,"column":19},"end":{"line":143,"column":69}},"113":{"start":{"line":143,"column":59},"end":{"line":143,"column":67}},"114":{"start":{"line":148,"column":4},"end":{"line":148,"column":null}}},"fnMap":{"0":{"name":"(anonymous_0)","decl":{"start":{"line":5,"column":14},"end":{"line":5,"column":15}},"loc":{"start":{"line":5,"column":22},"end":{"line":5,"column":59}},"line":5},"1":{"name":"(anonymous_1)","decl":{"start":{"line":5,"column":34},"end":{"line":5,"column":35}},"loc":{"start":{"line":5,"column":41},"end":{"line":5,"column":58}},"line":5},"2":{"name":"(anonymous_2)","decl":{"start":{"line":11,"column":14},"end":{"line":11,"column":15}},"loc":{"start":{"line":11,"column":33},"end":{"line":11,"column":66}},"line":11},"3":{"name":"(anonymous_3)","decl":{"start":{"line":13,"column":19},"end":{"line":13,"column":20}},"loc":{"start":{"line":13,"column":43},"end":{"line":49,"column":1}},"line":13},"4":{"name":"getGateData","decl":{"start":{"line":52,"column":8},"end":{"line":52,"column":19}},"loc":{"start":{"line":52,"column":22},"end":{"line":55,"column":3}},"line":52},"5":{"name":"getDensityHeatmap","decl":{"start":{"line":57,"column":8},"end":{"line":57,"column":25}},"loc":{"start":{"line":57,"column":28},"end":{"line":73,"column":3}},"line":57},"6":{"name":"(anonymous_6)","decl":{"start":{"line":62,"column":53},"end":{"line":62,"column":54}},"loc":{"start":{"line":62,"column":68},"end":{"line":68,"column":9}},"line":62},"7":{"name":"applyCSVData","decl":{"start":{"line":75,"column":8},"end":{"line":75,"column":20}},"loc":{"start":{"line":75,"column":33},"end":{"line":94,"column":3}},"line":75},"8":{"name":"(anonymous_8)","decl":{"start":{"line":77,"column":23},"end":{"line":77,"column":24}},"loc":{"start":{"line":77,"column":32},"end":{"line":91,"column":5}},"line":77},"9":{"name":"(anonymous_9)","decl":{"start":{"line":78,"column":40},"end":{"line":78,"column":41}},"loc":{"start":{"line":78,"column":47},"end":{"line":78,"column":67}},"line":78},"10":{"name":"(anonymous_10)","decl":{"start":{"line":92,"column":24},"end":{"line":92,"column":25}},"loc":{"start":{"line":92,"column":32},"end":{"line":92,"column":79}},"line":92},"11":{"name":"applyJSONData","decl":{"start":{"line":96,"column":2},"end":{"line":96,"column":15}},"loc":{"start":{"line":96,"column":26},"end":{"line":110,"column":3}},"line":96},"12":{"name":"(anonymous_12)","decl":{"start":{"line":98,"column":29},"end":{"line":98,"column":30}},"loc":{"start":{"line":98,"column":38},"end":{"line":107,"column":7}},"line":98},"13":{"name":"(anonymous_13)","decl":{"start":{"line":99,"column":42},"end":{"line":99,"column":43}},"loc":{"start":{"line":99,"column":49},"end":{"line":99,"column":88}},"line":99},"14":{"name":"(anonymous_14)","decl":{"start":{"line":108,"column":26},"end":{"line":108,"column":27}},"loc":{"start":{"line":108,"column":34},"end":{"line":108,"column":81}},"line":108},"15":{"name":"startSimulation","decl":{"start":{"line":112,"column":2},"end":{"line":112,"column":17}},"loc":{"start":{"line":112,"column":75},"end":{"line":126,"column":3}},"line":112},"16":{"name":"(anonymous_16)","decl":{"start":{"line":116,"column":37},"end":{"line":116,"column":38}},"loc":{"start":{"line":116,"column":43},"end":{"line":121,"column":5}},"line":116},"17":{"name":"(anonymous_17)","decl":{"start":{"line":117,"column":44},"end":{"line":117,"column":45}},"loc":{"start":{"line":118,"column":8},"end":{"line":118,"column":null}},"line":118},"18":{"name":"(anonymous_18)","decl":{"start":{"line":120,"column":26},"end":{"line":120,"column":27}},"loc":{"start":{"line":120,"column":34},"end":{"line":120,"column":81}},"line":120},"19":{"name":"(anonymous_19)","decl":{"start":{"line":122,"column":11},"end":{"line":122,"column":12}},"loc":{"start":{"line":122,"column":17},"end":{"line":125,"column":5}},"line":122},"20":{"name":"(anonymous_20)","decl":{"start":{"line":124,"column":39},"end":{"line":124,"column":40}},"loc":{"start":{"line":124,"column":47},"end":{"line":124,"column":62}},"line":124},"21":{"name":"stopSimulation","decl":{"start":{"line":128,"column":2},"end":{"line":128,"column":16}},"loc":{"start":{"line":128,"column":19},"end":{"line":133,"column":3}},"line":128},"22":{"name":"resetSimulation","decl":{"start":{"line":135,"column":2},"end":{"line":135,"column":17}},"loc":{"start":{"line":135,"column":20},"end":{"line":139,"column":3}},"line":135},"23":{"name":"(anonymous_23)","decl":{"start":{"line":138,"column":24},"end":{"line":138,"column":25}},"loc":{"start":{"line":138,"column":32},"end":{"line":138,"column":79}},"line":138},"24":{"name":"subscribe","decl":{"start":{"line":141,"column":2},"end":{"line":141,"column":11}},"loc":{"start":{"line":141,"column":16},"end":{"line":144,"column":3}},"line":141},"25":{"name":"(anonymous_25)","decl":{"start":{"line":143,"column":11},"end":{"line":143,"column":12}},"loc":{"start":{"line":143,"column":17},"end":{"line":143,"column":71}},"line":143},"26":{"name":"(anonymous_26)","decl":{"start":{"line":143,"column":52},"end":{"line":143,"column":53}},"loc":{"start":{"line":143,"column":59},"end":{"line":143,"column":67}},"line":143},"27":{"name":"updatePhase","decl":{"start":{"line":146,"column":2},"end":{"line":146,"column":13}},"loc":{"start":{"line":146,"column":21},"end":{"line":149,"column":3}},"line":146}},"branchMap":{"0":{"loc":{"start":{"line":18,"column":15},"end":{"line":18,"column":44}},"type":"binary-expr","locations":[{"start":{"line":18,"column":15},"end":{"line":18,"column":37}},{"start":{"line":18,"column":41},"end":{"line":18,"column":44}}],"line":18},"1":{"loc":{"start":{"line":37,"column":2},"end":{"line":40,"column":null}},"type":"if","locations":[{"start":{"line":37,"column":2},"end":{"line":40,"column":null}},{"start":{"line":38,"column":7},"end":{"line":40,"column":null}}],"line":37},"2":{"loc":{"start":{"line":38,"column":7},"end":{"line":40,"column":null}},"type":"if","locations":[{"start":{"line":38,"column":7},"end":{"line":40,"column":null}},{"start":{"line":39,"column":7},"end":{"line":40,"column":null}}],"line":38},"3":{"loc":{"start":{"line":39,"column":7},"end":{"line":40,"column":null}},"type":"if","locations":[{"start":{"line":39,"column":7},"end":{"line":40,"column":null}},{"start":{"line":40,"column":7},"end":{"line":40,"column":null}}],"line":39},"4":{"loc":{"start":{"line":79,"column":6},"end":{"line":90,"column":null}},"type":"if","locations":[{"start":{"line":79,"column":6},"end":{"line":90,"column":null}},{"start":{},"end":{}}],"line":79},"5":{"loc":{"start":{"line":80,"column":8},"end":{"line":80,"column":null}},"type":"if","locations":[{"start":{"line":80,"column":8},"end":{"line":80,"column":null}},{"start":{},"end":{}}],"line":80},"6":{"loc":{"start":{"line":81,"column":8},"end":{"line":81,"column":null}},"type":"if","locations":[{"start":{"line":81,"column":8},"end":{"line":81,"column":null}},{"start":{},"end":{}}],"line":81},"7":{"loc":{"start":{"line":82,"column":8},"end":{"line":82,"column":null}},"type":"if","locations":[{"start":{"line":82,"column":8},"end":{"line":82,"column":null}},{"start":{},"end":{}}],"line":82},"8":{"loc":{"start":{"line":83,"column":8},"end":{"line":83,"column":null}},"type":"if","locations":[{"start":{"line":83,"column":8},"end":{"line":83,"column":null}},{"start":{},"end":{}}],"line":83},"9":{"loc":{"start":{"line":84,"column":8},"end":{"line":84,"column":null}},"type":"if","locations":[{"start":{"line":84,"column":8},"end":{"line":84,"column":null}},{"start":{},"end":{}}],"line":84},"10":{"loc":{"start":{"line":85,"column":8},"end":{"line":85,"column":null}},"type":"if","locations":[{"start":{"line":85,"column":8},"end":{"line":85,"column":null}},{"start":{},"end":{}}],"line":85},"11":{"loc":{"start":{"line":86,"column":8},"end":{"line":89,"column":null}},"type":"if","locations":[{"start":{"line":86,"column":8},"end":{"line":89,"column":null}},{"start":{"line":87,"column":13},"end":{"line":89,"column":null}}],"line":86},"12":{"loc":{"start":{"line":87,"column":13},"end":{"line":89,"column":null}},"type":"if","locations":[{"start":{"line":87,"column":13},"end":{"line":89,"column":null}},{"start":{"line":88,"column":13},"end":{"line":89,"column":null}}],"line":87},"13":{"loc":{"start":{"line":88,"column":13},"end":{"line":89,"column":null}},"type":"if","locations":[{"start":{"line":88,"column":13},"end":{"line":89,"column":null}},{"start":{"line":89,"column":13},"end":{"line":89,"column":null}}],"line":88},"14":{"loc":{"start":{"line":97,"column":4},"end":{"line":109,"column":null}},"type":"if","locations":[{"start":{"line":97,"column":4},"end":{"line":109,"column":null}},{"start":{},"end":{}}],"line":97},"15":{"loc":{"start":{"line":99,"column":49},"end":{"line":99,"column":88}},"type":"binary-expr","locations":[{"start":{"line":99,"column":49},"end":{"line":99,"column":69}},{"start":{"line":99,"column":73},"end":{"line":99,"column":88}}],"line":99},"16":{"loc":{"start":{"line":100,"column":8},"end":{"line":106,"column":null}},"type":"if","locations":[{"start":{"line":100,"column":8},"end":{"line":106,"column":null}},{"start":{},"end":{}}],"line":100},"17":{"loc":{"start":{"line":102,"column":10},"end":{"line":105,"column":null}},"type":"if","locations":[{"start":{"line":102,"column":10},"end":{"line":105,"column":null}},{"start":{"line":103,"column":15},"end":{"line":105,"column":null}}],"line":102},"18":{"loc":{"start":{"line":103,"column":15},"end":{"line":105,"column":null}},"type":"if","locations":[{"start":{"line":103,"column":15},"end":{"line":105,"column":null}},{"start":{"line":104,"column":15},"end":{"line":105,"column":null}}],"line":103},"19":{"loc":{"start":{"line":104,"column":15},"end":{"line":105,"column":null}},"type":"if","locations":[{"start":{"line":104,"column":15},"end":{"line":105,"column":null}},{"start":{"line":105,"column":15},"end":{"line":105,"column":null}}],"line":104},"20":{"loc":{"start":{"line":112,"column":18},"end":{"line":112,"column":42}},"type":"default-arg","locations":[{"start":{"line":112,"column":26},"end":{"line":112,"column":42}}],"line":112},"21":{"loc":{"start":{"line":112,"column":44},"end":{"line":112,"column":63}},"type":"default-arg","locations":[{"start":{"line":112,"column":55},"end":{"line":112,"column":63}}],"line":112},"22":{"loc":{"start":{"line":113,"column":24},"end":{"line":113,"column":79}},"type":"binary-expr","locations":[{"start":{"line":113,"column":24},"end":{"line":113,"column":51}},{"start":{"line":113,"column":55},"end":{"line":113,"column":79}}],"line":113},"23":{"loc":{"start":{"line":114,"column":4},"end":{"line":114,"column":null}},"type":"if","locations":[{"start":{"line":114,"column":4},"end":{"line":114,"column":null}},{"start":{},"end":{}}],"line":114},"24":{"loc":{"start":{"line":115,"column":4},"end":{"line":115,"column":null}},"type":"if","locations":[{"start":{"line":115,"column":4},"end":{"line":115,"column":null}},{"start":{},"end":{}}],"line":115},"25":{"loc":{"start":{"line":129,"column":4},"end":{"line":132,"column":null}},"type":"if","locations":[{"start":{"line":129,"column":4},"end":{"line":132,"column":null}},{"start":{},"end":{}}],"line":129}},"s":{"0":3,"1":8,"2":8,"3":3,"4":3,"5":3,"6":3,"7":540,"8":3,"9":40,"10":40,"11":40,"12":40,"13":40,"14":40,"15":40,"16":40,"17":40,"18":40,"19":40,"20":40,"21":40,"22":40,"23":40,"24":0,"25":40,"26":0,"27":40,"28":11,"29":29,"30":40,"31":40,"32":3,"33":3,"34":3,"35":3,"36":3,"37":3,"38":3,"39":30,"40":30,"41":300,"42":1500,"43":1500,"44":1500,"45":300,"46":30,"47":2,"48":2,"49":3,"50":7,"51":3,"52":2,"53":2,"54":2,"55":1,"56":2,"57":0,"58":2,"59":0,"60":2,"61":2,"62":2,"63":0,"64":2,"65":1,"66":1,"67":0,"68":1,"69":0,"70":1,"71":2,"72":1,"73":2,"74":4,"75":3,"76":3,"77":8,"78":3,"79":2,"80":2,"81":0,"82":2,"83":0,"84":2,"85":1,"86":1,"87":3,"88":2,"89":3,"90":3,"91":3,"92":3,"93":2,"94":3,"95":8,"96":40,"97":8,"98":16,"99":3,"100":3,"101":3,"102":6,"103":12,"104":1,"105":1,"106":11,"107":11,"108":11,"109":0,"110":1,"111":1,"112":1,"113":1,"114":1},"f":{"0":8,"1":8,"2":540,"3":40,"4":3,"5":3,"6":1500,"7":2,"8":3,"9":7,"10":1,"11":4,"12":3,"13":8,"14":2,"15":3,"16":8,"17":40,"18":16,"19":3,"20":6,"21":12,"22":11,"23":0,"24":1,"25":1,"26":1,"27":1},"b":{"0":[40,0],"1":[0,40],"2":[0,40],"3":[11,29],"4":[2,1],"5":[2,0],"6":[1,1],"7":[0,2],"8":[0,2],"9":[2,0],"10":[0,2],"11":[1,1],"12":[0,1],"13":[0,1],"14":[3,1],"15":[8,7],"16":[2,1],"17":[0,2],"18":[0,2],"19":[1,1],"20":[3],"21":[3],"22":[3,0],"23":[3,0],"24":[2,1],"25":[1,11]},"meta":{"lastBranch":26,"lastFunction":28,"lastStatement":115,"seen":{"s:5:14:5:59":0,"f:5:14:5:15":0,"s:5:22:5:59":1,"f:5:34:5:35":1,"s:5:41:5:58":2,"s:7:25:7:29":3,"s:8:18:8:20":4,"s:9:22:9:65":5,"s:11:14:11:66":6,"f:11:14:11:15":2,"s:11:33:11:66":7,"s:13:19:49:1":8,"f:13:19:13:20":3,"s:14:26:17:3":9,"s:18:15:18:44":10,"b:18:15:18:37:18:41:18:44":0,"s:19:16:19:43":11,"s:20:24:20:57":12,"s:22:21:22:74":13,"s:23:21:23:76":14,"s:25:2:25:Infinity":15,"s:26:2:26:Infinity":16,"s:27:2:27:Infinity":17,"s:28:2:28:Infinity":18,"s:31:24:31:61":19,"s:32:20:32:64":20,"s:33:23:33:76":21,"s:34:2:34:Infinity":22,"b:37:2:40:Infinity:38:7:40:Infinity":1,"s:37:2:40:Infinity":23,"s:37:50:37:Infinity":24,"b:38:7:40:Infinity:39:7:40:Infinity":2,"s:38:7:40:Infinity":25,"s:38:51:38:Infinity":26,"b:39:7:40:Infinity:40:7:40:Infinity":3,"s:39:7:40:Infinity":27,"s:39:53:39:Infinity":28,"s:40:7:40:Infinity":29,"s:43:2:46:Infinity":30,"s:48:2:48:Infinity":31,"s:51:28:150:1":32,"f:52:8:52:19":4,"s:53:4:53:Infinity":33,"s:54:4:54:Infinity":34,"f:57:8:57:25":5,"s:58:4:58:Infinity":35,"s:59:18:59:20":36,"s:60:4:71:Infinity":37,"s:60:19:60:20":38,"s:61:6:70:Infinity":39,"s:61:21:61:22":40,"s:62:30:68:13":41,"f:62:53:62:54":6,"s:63:23:65:11":42,"s:66:28:66:84":43,"s:67:10:67:Infinity":44,"s:69:8:69:Infinity":45,"s:72:4:72:Infinity":46,"f:75:8:75:20":7,"s:76:4:76:Infinity":47,"s:77:4:91:Infinity":48,"f:77:23:77:24":8,"s:78:19:78:68":49,"f:78:40:78:41":9,"s:78:47:78:67":50,"b:79:6:90:Infinity:undefined:undefined:undefined:undefined":4,"s:79:6:90:Infinity":51,"b:80:8:80:Infinity:undefined:undefined:undefined:u
[...]
end":{"line":90,"column":124}}],"line":90},"14":{"loc":{"start":{"line":102,"column":6},"end":{"line":104,"column":null}},"type":"if","locations":[{"start":{"line":102,"column":6},"end":{"line":104,"column":null}},{"start":{},"end":{}}],"line":102},"15":{"loc":{"start":{"line":102,"column":10},"end":{"line":102,"column":70}},"type":"binary-expr","locations":[{"start":{"line":102,"column":10},"end":{"line":102,"column":40}},{"start":{"line":102,"column":44},"end":{"line":102,"column":70}}],"line":102},"16":{"loc":{"start":{"line":119,"column":17},"end":{"line":119,"column":63}},"type":"binary-expr","locations":[{"start":{"line":119,"column":17},"end":{"line":119,"column":37}},{"start":{"line":119,"column":41},"end":{"line":119,"column":63}}],"line":119},"17":{"loc":{"start":{"line":142,"column":21},"end":{"line":142,"column":32}},"type":"default-arg","locations":[{"start":{"line":142,"column":28},"end":{"line":142,"column":32}}],"line":142},"18":{"loc":{"start":{"line":151,"column":20},"end":{"line":151,"column":57}},"type":"binary-expr","locations":[{"start":{"line":151,"column":20},"end":{"line":151,"column":38}},{"start":{"line":151,"column":42},"end":{"line":151,"column":57}}],"line":151}},"s":{"0":2,"1":11,"2":11,"3":2,"4":2,"5":2,"6":3,"7":3,"8":3,"9":3,"10":1,"11":1,"12":1,"13":1,"14":1,"15":1,"16":1,"17":1,"18":1,"19":7,"20":4,"21":1,"22":1,"23":2,"24":10,"25":10,"26":3,"27":7,"28":1,"29":6,"30":1,"31":5,"32":1,"33":4,"34":2,"35":10,"36":10,"37":10,"38":67,"39":5,"40":5,"41":10,"42":10,"43":10,"44":10,"45":40,"46":346,"47":40,"48":6,"49":6,"50":6,"51":10,"52":10,"53":10,"54":10,"55":10,"56":10,"57":31,"58":24,"59":10,"60":1,"61":1,"62":6,"63":6,"64":6},"f":{"0":11,"1":11,"2":3,"3":3,"4":3,"5":3,"6":1,"7":1,"8":1,"9":1,"10":1,"11":1,"12":1,"13":1,"14":1,"15":7,"16":4,"17":1,"18":1,"19":10,"20":10,"21":346,"22":1,"23":6},"b":{"0":[3,3],"1":[3,3],"2":[3,3],"3":[3,3],"4":[7,7],"5":[4,4],"6":[3,7],"7":[1,6],"8":[1,5],"9":[1,4],"10":[5,62],"11":[6,34],"12":[10,0],"13":[10,3,0],"14":[24,7],"15":[31,31],"16":[10,0],"17":[6],"18":[6,0]},"meta":{"lastBranch":19,"lastFunction":24,"lastStatement":65,"seen":{"s:2:14:2:59":0,"f:2:14:2:15":0,"s:2:22:2:59":1,"f:2:34:2:35":1,"s:2:41:2:58":2,"s:4:31:13:1":3,"s:15:25:21:1":4,"s:23:26:51:1":5,"f:25:8:25:9":2,"s:25:17:25:213":6,"b:25:52:25:55:25:59:25:89":0,"f:26:8:26:9":3,"s:26:17:26:129":7,"b:26:39:26:42:26:46:26:75":1,"f:27:8:27:9":4,"s:27:17:27:139":8,"b:27:45:27:48:27:52:27:80":2,"f:28:8:28:9":5,"s:28:17:28:173":9,"b:28:56:28:59:28:63:28:93":3,"f:31:8:31:9":6,"s:31:14:31:247":10,"f:32:8:32:9":7,"s:32:14:32:144":11,"f:33:9:33:10":8,"s:33:15:33:114":12,"f:34:8:34:9":9,"s:34:14:34:152":13,"f:35:8:35:9":10,"s:35:14:35:138":14,"f:36:8:36:9":11,"s:36:14:36:132":15,"f:39:8:39:9":12,"s:39:14:39:290":16,"f:40:8:40:9":13,"s:40:14:40:145":17,"f:41:8:41:9":14,"s:41:14:41:190":18,"f:44:8:44:9":15,"s:44:18:44:247":19,"b:44:30:44:34:44:38:44:56":4,"f:45:8:45:9":16,"s:45:18:45:141":20,"b:45:32:45:36:45:40:45:47":5,"f:48:8:48:9":17,"s:48:14:48:264":21,"f:49:8:49:9":18,"s:49:14:49:110":22,"s:53:21:60:1":23,"f:53:21:53:22":19,"s:54:16:54:34":24,"b:55:2:55:Infinity:undefined:undefined:undefined:undefined":6,"s:55:2:55:Infinity":25,"s:55:89:55:Infinity":26,"b:56:2:56:Infinity:undefined:undefined:undefined:undefined":7,"s:56:2:56:Infinity":27,"s:56:112:56:Infinity":28,"b:57:2:57:Infinity:undefined:undefined:undefined:undefined":8,"s:57:2:57:Infinity":29,"s:57:108:57:Infinity":30,"b:58:2:58:Infinity:undefined:undefined:undefined:undefined":9,"s:58:2:58:Infinity":31,"s:58:87:58:Infinity":32,"s:59:2:59:Infinity":33,"s:62:34:154:1":34,"f:63:8:63:22":20,"s:64:4:64:Infinity":35,"s:67:23:67:71":36,"s:68:4:73:Infinity":37,"b:69:6:72:Infinity:undefined:undefined:undefined:undefined":10,"s:69:6:72:Infinity":38,"s:70:8:70:Infinity":39,"s:71:8:71:Infinity":40,"s:76:18:76:27":41,"s:77:18:77:23":42,"s:78:26:78:30":43,"s:79:4:86:Infinity":44,"s:80:22:80:95":45,"f:80:41:80:42":21,"s:80:49:80:94":46,"b:81:6:85:Infinity:undefined:undefined:undefined:undefined":11,"s:81:6:85:Infinity":47,"s:82:8:82:Infinity":48,"s:83:8:83:Infinity":49,"s:84:8:84:Infinity":50,"s:88:19:88:37":51,"s:89:24:89:80":52,"b:89:24:89:49:89:53:89:80":12,"s:90:28:90:124":53,"b:90:28:90:62:90:66:90:84:90:88:90:124":13,"s:92:25:98:5":54,"s:100:28:100:30":55,"s:101:4:105:Infinity":56,"b:102:6:104:Infinity:undefined:undefined:undefined:undefined":14,"s:102:6:104:Infinity":57,"b:102:10:102:40:102:44:102:70":15,"s:103:8:103:Infinity":58,"s:107:4:123:Infinity":59,"b:119:17:119:37:119:41:119:63":16,"f:126:8:126:29":22,"s:127:4:127:Infinity":60,"s:128:4:139:Infinity":61,"f:142:2:142:20":23,"b:142:28:142:32":17,"s:143:25:150:5":62,"s:151:20:151:57":63,"b:151:20:151:38:151:42:151:57":18,"s:152:4:152:Infinity":64},"fnNames":{}}}
,"C:\\Users\\LENOVO\\Desktop\\projects\\promptwars\\pulsegrid\\src\\services\\volunteerService.js": {"path":"C:\\Users\\LENOVO\\Desktop\\projects\\promptwars\\pulsegrid\\src\\services\\volunteerService.js","statementMap":{"0":{"start":{"line":4,"column":14},"end":{"line":4,"column":59}},"1":{"start":{"line":4,"column":22},"end":{"line":4,"column":59}},"2":{"start":{"line":4,"column":41},"end":{"line":4,"column":58}},"3":{"start":{"line":6,"column":17},"end":{"line":6,"column":62}},"4":{"start":{"line":7,"column":18},"end":{"line":7,"column":20}},"5":{"start":{"line":9,"column":31},"end":{"line":14,"column":1}},"6":{"start":{"line":11,"column":2},"end":{"line":11,"column":null}},"7":{"start":{"line":12,"column":2},"end":{"line":12,"column":null}},"8":{"start":{"line":13,"column":2},"end":{"line":13,"column":null}},"9":{"start":{"line":16,"column":32},"end":{"line":86,"column":1}},"10":{"start":{"line":18,"column":4},"end":{"line":18,"column":null}},"11":{"start":{"line":19,"column":4},"end":{"line":19,"column":null}},"12":{"start":{"line":23,"column":4},"end":{"line":23,"column":null}},"13":{"start":{"line":24,"column":4},"end":{"line":24,"column":null}},"14":{"start":{"line":24,"column":34},"end":{"line":24,"column":45}},"15":{"start":{"line":28,"column":4},"end":{"line":28,"column":null}},"16":{"start":{"line":29,"column":4},"end":{"line":33,"column":null}},"17":{"start":{"line":30,"column":6},"end":{"line":30,"column":null}},"18":{"start":{"line":30,"column":54},"end":{"line":30,"column":null}},"19":{"start":{"line":31,"column":6},"end":{"line":31,"column":null}},"20":{"start":{"line":31,"column":39},"end":{"line":31,"column":null}},"21":{"start":{"line":32,"column":6},"end":{"line":32,"column":null}},"22":{"start":{"line":32,"column":44},"end":{"line":32,"column":111}},"23":{"start":{"line":32,"column":65},"end":{"line":32,"column":110}},"24":{"start":{"line":37,"column":4},"end":{"line":37,"column":null}},"25":{"start":{"line":38,"column":16},"end":{"line":38,"column":60}},"26":{"start":{"line":38,"column":39},"end":{"line":38,"column":59}},"27":{"start":{"line":39,"column":4},"end":{"line":39,"column":null}},"28":{"start":{"line":39,"column":14},"end":{"line":39,"column":null}},"29":{"start":{"line":40,"column":4},"end":{"line":40,"column":null}},"30":{"start":{"line":41,"column":4},"end":{"line":41,"column":null}},"31":{"start":{"line":42,"column":4},"end":{"line":42,"column":null}},"32":{"start":{"line":43,"column":4},"end":{"line":43,"column":null}},"33":{"start":{"line":43,"column":32},"end":{"line":43,"column":74}},"34":{"start":{"line":44,"column":4},"end":{"line":44,"column":null}},"35":{"start":{"line":48,"column":4},"end":{"line":48,"column":null}},"36":{"start":{"line":49,"column":16},"end":{"line":49,"column":60}},"37":{"start":{"line":49,"column":39},"end":{"line":49,"column":59}},"38":{"start":{"line":50,"column":4},"end":{"line":50,"column":null}},"39":{"start":{"line":50,"column":14},"end":{"line":50,"column":null}},"40":{"start":{"line":51,"column":4},"end":{"line":51,"column":null}},"41":{"start":{"line":52,"column":4},"end":{"line":52,"column":null}},"42":{"start":{"line":53,"column":4},"end":{"line":53,"column":null}},"43":{"start":{"line":54,"column":4},"end":{"line":54,"column":null}},"44":{"start":{"line":54,"column":32},"end":{"line":54,"column":74}},"45":{"start":{"line":55,"column":4},"end":{"line":55,"column":null}},"46":{"start":{"line":59,"column":4},"end":{"line":59,"column":null}},"47":{"start":{"line":60,"column":4},"end":{"line":60,"column":null}},"48":{"start":{"line":61,"column":4},"end":{"line":61,"column":null}},"49":{"start":{"line":61,"column":32},"end":{"line":61,"column":74}},"50":{"start":{"line":62,"column":4},"end":{"line":62,"column":null}},"51":{"start":{"line":66,"column":4},"end":{"line":66,"column":null}},"52":{"start":{"line":67,"column":18},"end":{"line":67,"column":35}},"53":{"start":{"line":68,"column":19},"end":{"line":68,"column":73}},"54":{"start":{"line":68,"column":44},"end":{"line":68,"column":65}},"55":{"start":{"line":69,"column":21},"end":{"line":69,"column":77}},"56":{"start":{"line":69,"column":46},"end":{"line":69,"column":69}},"57":{"start":{"line":70,"column":20},"end":{"line":70,"column":76}},"58":{"start":{"line":70,"column":45},"end":{"line":70,"column":68}},"59":{"start":{"line":71,"column":23},"end":{"line":71,"column":93}},"60":{"start":{"line":71,"column":62},"end":{"line":71,"column":80}},"61":{"start":{"line":72,"column":24},"end":{"line":72,"column":76}},"62":{"start":{"line":72,"column":49},"end":{"line":72,"column":68}},"63":{"start":{"line":73,"column":4},"end":{"line":73,"column":null}},"64":{"start":{"line":77,"column":4},"end":{"line":77,"column":null}},"65":{"start":{"line":78,"column":4},"end":{"line":78,"column":null}},"66":{"start":{"line":79,"column":4},"end":{"line":79,"column":null}},"67":{"start":{"line":79,"column":19},"end":{"line":79,"column":69}},"68":{"start":{"line":79,"column":59},"end":{"line":79,"column":67}},"69":{"start":{"line":83,"column":4},"end":{"line":83,"column":null}},"70":{"start":{"line":84,"column":4},"end":{"line":84,"column":null}},"71":{"start":{"line":84,"column":32},"end":{"line":84,"column":74}}},"fnMap":{"0":{"name":"(anonymous_0)","decl":{"start":{"line":4,"column":14},"end":{"line":4,"column":15}},"loc":{"start":{"line":4,"column":22},"end":{"line":4,"column":59}},"line":4},"1":{"name":"(anonymous_1)","decl":{"start":{"line":4,"column":34},"end":{"line":4,"column":35}},"loc":{"start":{"line":4,"column":41},"end":{"line":4,"column":58}},"line":4},"2":{"name":"(anonymous_2)","decl":{"start":{"line":9,"column":31},"end":{"line":9,"column":32}},"loc":{"start":{"line":9,"column":38},"end":{"line":14,"column":1}},"line":9},"3":{"name":"getAll","decl":{"start":{"line":17,"column":8},"end":{"line":17,"column":14}},"loc":{"start":{"line":17,"column":17},"end":{"line":20,"column":3}},"line":17},"4":{"name":"getById","decl":{"start":{"line":22,"column":8},"end":{"line":22,"column":15}},"loc":{"start":{"line":22,"column":20},"end":{"line":25,"column":3}},"line":22},"5":{"name":"(anonymous_5)","decl":{"start":{"line":24,"column":27},"end":{"line":24,"column":28}},"loc":{"start":{"line":24,"column":34},"end":{"line":24,"column":45}},"line":24},"6":{"name":"getAvailable","decl":{"start":{"line":27,"column":8},"end":{"line":27,"column":20}},"loc":{"start":{"line":27,"column":42},"end":{"line":34,"column":3}},"line":27},"7":{"name":"(anonymous_7)","decl":{"start":{"line":29,"column":29},"end":{"line":29,"column":30}},"loc":{"start":{"line":29,"column":36},"end":{"line":33,"column":5}},"line":29},"8":{"name":"(anonymous_8)","decl":{"start":{"line":32,"column":33},"end":{"line":32,"column":34}},"loc":{"start":{"line":32,"column":44},"end":{"line":32,"column":111}},"line":32},"9":{"name":"(anonymous_9)","decl":{"start":{"line":32,"column":58},"end":{"line":32,"column":59}},"loc":{"start":{"line":32,"column":65},"end":{"line":32,"column":110}},"line":32},"10":{"name":"assignVolunteer","decl":{"start":{"line":36,"column":8},"end":{"line":36,"column":23}},"loc":{"start":{"line":36,"column":64},"end":{"line":45,"column":3}},"line":36},"11":{"name":"(anonymous_11)","decl":{"start":{"line":38,"column":32},"end":{"line":38,"column":33}},"loc":{"start":{"line":38,"column":39},"end":{"line":38,"column":59}},"line":38},"12":{"name":"(anonymous_12)","decl":{"start":{"line":43,"column":24},"end":{"line":43,"column":25}},"loc":{"start":{"line":43,"column":32},"end":{"line":43,"column":74}},"line":43},"13":{"name":"releaseVolunteer","decl":{"start":{"line":47,"column":8},"end":{"line":47,"column":24}},"loc":{"start":{"line":47,"column":38},"end":{"line":56,"column":3}},"line":47},"14":{"name":"(anonymous_14)","decl":{"start":{"line":49,"column":32},"end":{"line":49,"column":33}},"loc":{"start":{"line":49,"column":39},"end":{"line":49,"column":59}},"line":49},"15":{"name":"(anonymous_15)","decl":{"start":{"line":54,"column":24},"end":{"line":54,"column":25}},"loc":{"start":{"line":54,"column":32},"end":{"line":54,"column":74}},"line":54},"16":{"name":"updateFatigueScores","decl":{"start":{"line":58,"column":8},"end":{"line":58,"column":27}},"loc":{"start":{"line":58,"column":30},"end":{"line":63,"column":3}},"line":58},"17":{"name":"(anonymous_17)","decl":{"start":{"line":61,"column":24},"end":{"line":61,"column":25}},"loc":{"start":{"line":61,"column":32},"end":{"line":61,"column":74}},"line":61},"18":{"name":"getUtilizationStats","decl":{"start":{"line":65,"column":8},"end":{"line":65,"column":27}},"loc":{"start":{"line":65,"column":30},"end":{"line":74,"column":3}},"line":65},"19":{"name":"(anonymous_19)","decl":{"start":{"line":68,"column":37},"end":{"line":68,"column":38}},"loc":{"start":{"line":68,"column":44},"end":{"line":68,"column":65}},"line":68},"20":{"name":"(anonymous_20)","decl":{"start":{"line":69,"column":39},"end":{"line":69,"column":40}},"loc":{"start":{"line":69,"column":46},"end":{"line":69,"column":69}},"line":69},"21":{"name":"(anonymous_21)","decl":{"start":{"line":70,"column":38},"end":{"line":70,"column":39}},"loc":{"start":{"line":70,"column":45},"end":{"line":70,"column":68}},"line":70},"22":{"name":"(anonymous_22)","decl":{"start":{"line":71,"column":52},"end":{"line":71,"column":53}},"loc":{"start":{"line":71,"column":62},"end":{"line":71,"column":80}},"line":71},"23":{"name":"(anonymous_23)","decl":{"start":{"line":72,"column":42},"end":{"line":72,"column":43}},"loc":{"start":{"line":72,"column":49},"end":{"line":72,"column":68}},"line":72},"24":{"name":"subscribe","decl":{"start":{"line":76,"column":2},"end":{"line":76,"column":11}},"loc":{"start":{"line":76,"column":16},"end":{"line":80,"column":3}},"line":76},"25":{"name":"(anonymous_25)","decl":{"start":{"line":79,"column":11},"end":{"line":79,"column":12}},"loc":{"start":{"line":79,"column":17},"end":{"line":79,"column":71}},"line":79},"26":{"name":"(anonymous_26)","decl":{"start":{"line":79,"column":52},"end":{"line":79,"column":53}},"loc":{"start":{"line":79,"column":59},"end":{"line":79,"column":67}},"line":79},"27":{"name":"reset","decl":{"start":{"line":82,"column":2},"end":{"line":82,"column":7}},"loc":{"start":{"line":82,"column":10},"end":{"line":85,"column":3}},"line":82},"28":{"name":"(anonymous_28)","decl":{"start":{"line":84,"column":24},"end":{"line":84,"column":25}},"loc":{"start":{"line":84,"column":32},"end":{"line":84,"column":74}},"line":84}},"branchMap":{"0":{"loc":{"start":{"line":24,"column":11},"end":{"line":24,"column":54}},"type":"binary-expr","locations":[{"start":{"line":24,"column":11},"end":{"line":24,"column":46}},{"start":{"line":24,"column":50},"end":{"line":24,"column":54}}],"line":24},"1":{"loc":{"start":{"line":27,"column":21},"end":{"line":27,"column":40}},"type":"default-arg","locations":[{"start":{"line":27,"column":38},"end":{"line":27,"column":40}}],"line":27},"2":{"loc":{"start":{"line":30,"column":6},"end":{"line":30,"column":null}},"type":"if","locations":[{"start":{"line":30,"column":6},"end":{"line":30,"column":null}},{"start":{},"end":{}}],"line":30},"3":{"loc":{"start":{"line":30,"column":10},"end":{"line":30,"column":52}},"type":"binary-expr","locations":[{"start":{"line":30,"column":10},"end":{"line":30,"column":25}},{"start":{"line":30,"column":29},"end":{"line":30,"column":52}}],"line":30},"4":{"loc":{"start":{"line":31,"column":6},"end":{"line":31,"column":null}},"type":"if","locations":[{"start":{"line":31,"column":6},"end":{"line":31,"column":null}},{"start":{},"end":{}}],"line":31},"5":{"loc":{"start":{"line":39,"column":4},"end":{"line":39,"column":null}},"type":"if","locations":[{"start":{"line":39,"column":4},"end":{"line":39,"column":null}},{"start":{},"end":{}}],"line":39},"6":{"loc":{"start":{"line":50,"column":4},"end":{"line":50,"column":null}},"type":"if","locations":[{"start":{"line":50,"column":4},"end":{"line":50,"column":null}},{"start":{},"end":{}}],"line":50}},"s":{"0":3,"1":15,"2":15,"3":3,"4":3,"5":3,"6":32,"7":32,"8":32,"9":3,"10":1,"11":1,"12":2,"13":2,"14":9,"15":2,"16":2,"17":16,"18":4,"19":12,"20":6,"21":6,"22":6,"23":14,"24":2,"25":2,"26":9,"27":2,"28":1,"29":1,"30":1,"31":1,"32":1,"33":1,"34":1,"35":2,"36":2,"37":9,"38":2,"39":1,"40":1,"41":1,"42":1,"43":1,"44":1,"45":1,"46":5,"47":4,"48":4,"49":1,"50":4,"51":1,"52":1,"53":1,"54":8,"55":1,"56":8,"57":1,"58":8,"59":1,"60":8,"61":1,"62":8,"63":1,"64":1,"65":1,"66":1,"67":1,"68":1,"69":11,"70":11,"71":0},"f":{"0":15,"1":15,"2":32,"3":1,"4":2,"5":9,"6":2,"7":16,"8":6,"9":14,"10":2,"11":9,"12":1,"13":2,"14":9,"15":1,"16":5,"17":1,"18":1,"19":8,"20":8,"21":8,"22":8,"23":8,"24":1,"25":1,"26":1,"27":11,"28":0},"b":{"0":[2,1],"1":[2],"2":[4,12],"3":[16,12],"4":[6,6],"5":[1,1],"6":[1,1]},"meta":{"lastBranch":7,"lastFunction":29,"lastStatement":72,"seen":{"s:4:14:4:59":0,"f:4:14:4:15":0,"s:4:22:4:59":1,"f:4:34:4:35":1,"s:4:41:4:58":2,"s:6:17:6:62":3,"s:7:18:7:20":4,"s:9:31:14:1":5,"f:9:31:9:32":2,"s:11:2:11:Infinity":6,"s:12:2:12:Infinity":7,"s:13:2:13:Infinity":8,"s:16:32:86:1":9,"f:17:8:17:14":3,"s:18:4:18:Infinity":10,"s:19:4:19:Infinity":11,"f:22:8:22:15":4,"s:23:4:23:Infinity":12,"s:24:4:24:Infinity":13,"b:24:11:24:46:24:50:24:54":0,"f:24:27:24:28":5,"s:24:34:24:45":14,"f:27:8:27:20":6,"b:27:38:27:40":1,"s:28:4:28:Infinity":15,"s:29:4:33:Infinity":16,"f:29:29:29:30":7,"b:30:6:30:Infinity:undefined:undefined:undefined:undefined":2,"s:30:6:30:Infinity":17,"b:30:10:30:25:30:29:30:52":3,"s:30:54:30:Infinity":18,"b:31:6:31:Infinity:undefined:undefined:undefined:undefined":4,"s:31:6:31:Infinity":19,"s:31:39:31:Infinity":20,"s:32:6:32:Infinity":21,"f:32:33:32:34":8,"s:32:44:32:111":22,"f:32:58:32:59":9,"s:32:65:32:110":23,"f:36:8:36:23":10,"s:37:4:37:Infinity":24,"s:38:16:38:60":25,"f:38:32:38:33":11,"s:38:39:38:59":26,"b:39:4:39:Infinity:undefined:undefined:undefined:undefined":5,"s:39:4:39:Infinity":27,"s:39:14:39:Infinity":28,"s:40:4:40:Infinity":29,"s:41:4:41:Infinity":30,"s:42:4:42:Infinity":31,"s:43:4:43:Infinity":32,"f:43:24:43:25":12,"s:43:32:43:74":33,"s:44:4:44:Infinity":34,"f:47:8:47:24":13,"s:48:4:48:Infinity":35,"s:49:16:49:60":36,"f:49:32:49:33":14,"s:49:39:49:59":37,"b:50:4:50:Infinity:undefined:undefined:undefined:undefined":6,"s:50:4:50:Infinity":38,"s:50:14:50:Infinity":39,"s:51:4:51:Infinity":40,"s:52:4:52:Infinity":41,"s:53:4:53:Infinity":42,"s:54:4:54:Infinity":43,"f:54:24:54:25":15,"s:54:32:54:74":44,"s:55:4:55:Infinity":45,"f:58:8:58:27":16,"s:59:4:59:Infinity":46,"s:60:4:60:Infinity":47,"s:61:4:61:Infinity":48,"f:61:24:61:25":17,"s:61:32:61:74":49,"s:62:4:62:Infinity":50,"f:65:8:65:27":18,"s:66:4:66:Infinity":51,"s:67:18:67:35":52,"s:68:19:68:73":53,"f:68:37:68:38":19,"s:68:44:68:65":54,"s:69:21:69:77":55,"f:69:39:69:40":20,"s:69:46:69:69":56,"s:70:20:70:76":57,"f:70:38:70:39":21,"s:70:45:70:68":58,"s:71:23:71:93":59,"f:71:52:71:53":22,"s:71:62:71:80":60,"s:72:24:72:76":61,"f:72:42:72:43":23,"s:72:49:72:68":62,"s:73:4:73:Infinity":63,"f:76:2:76:11":24,"s:77:4:77:Infinity":64,"s:78:4:78:Infinity":65,"s:79:4:79:Infinity":66,"f:79:11:79:12":25,"s:79:19:79:69":67,"f:79:52:79:53":26,"s:79:59:79:67":68,"f:82:2:82:7":27,"s:83:4:83:Infinity":69,"s:84:4:84:Infinity":70,"f:84:24:84:25":28,"s:84:32:84:74":71},"fnNames":{}}}
}
